<testsuites id="" name="" tests="54" failures="48" skipped="0" errors="0" time="268.687683">
<testsuite name="e2e\api\session-verification.spec.ts" timestamp="2025-10-06T10:08:35.602Z" hostname="chromium" tests="2" failures="2" skipped="0" time="40.937" errors="0">
<testcase name="Session &amp; Role API Verification › supplier session exposes correct role and supplier dashboard API authorized" classname="e2e\api\session-verification.spec.ts" time="24.865">
<failure message="session-verification.spec.ts:5:7 supplier session exposes correct role and supplier dashboard API authorized" type="FAILURE">
<![CDATA[  [chromium] › e2e\api\session-verification.spec.ts:5:7 › Session & Role API Verification › supplier session exposes correct role and supplier dashboard API authorized 

    TimeoutError: locator.click: Timeout 10000ms exceeded.
    Call log:
      - waiting for getByRole('button', { name: /sign in/i }).or(locator('button[type="submit"]').first())
        - locator resolved to <button type="submit" class="inline-flex items-center justify-center gap-2 whitespace-nowrap rounded-lg text-sm font-medium transition-all disabled:pointer-events-none disabled:opacity-50 outline-none bg-indigo-600 text-white shadow-sm hover:bg-indigo-700 focus-visible:ring-2 focus-visible:ring-indigo-500 focus-visible:ring-offset-2 h-9 px-4 py-2">Sign In</button>
      - attempting click action
        - waiting for element to be visible, enabled and stable
        - element is visible, enabled and stable
        - scrolling into view if needed
        - done scrolling
        - performing click action
        - click action done
        - waiting for scheduled navigations to finish


       at helpers\auth.ts:93

      91 |     .getByRole("button", { name: /sign in/i })
      92 |     .or(page.locator('button[type="submit"]').first())
    > 93 |     .click();
         |      ^
      94 |
      95 |   try {
      96 |     await expect(page).toHaveURL(/\/dashboard\/supplier(\/.*)?$/i, {
        at loginAsSupplier (C:\Users\Lenovo\Desktop\Workspce\vo-onelink-google\tests\helpers\auth.ts:93:6)
        at C:\Users\Lenovo\Desktop\Workspce\vo-onelink-google\tests\e2e\api\session-verification.spec.ts:6:5

    attachment #1: video (video/webm) ──────────────────────────────────────────────────────────────
    ..\Dashboard Build\Reports\test-artifacts\e2e-api-session-verificati-cb290-er-dashboard-API-authorized-chromium\video.webm
    ────────────────────────────────────────────────────────────────────────────────────────────────

    Error Context: ..\Dashboard Build\Reports\test-artifacts\e2e-api-session-verificati-cb290-er-dashboard-API-authorized-chromium\error-context.md

    attachment #3: trace (application/zip) ─────────────────────────────────────────────────────────
    ..\Dashboard Build\Reports\test-artifacts\e2e-api-session-verificati-cb290-er-dashboard-API-authorized-chromium\trace.zip
    Usage:

        pnpm exec playwright show-trace "..\Dashboard Build\Reports\test-artifacts\e2e-api-session-verificati-cb290-er-dashboard-API-authorized-chromium\trace.zip"

    ────────────────────────────────────────────────────────────────────────────────────────────────
]]>
</failure>
<system-out>
<![CDATA[
[[ATTACHMENT|test-artifacts\e2e-api-session-verificati-cb290-er-dashboard-API-authorized-chromium\video.webm]]

[[ATTACHMENT|test-artifacts\e2e-api-session-verificati-cb290-er-dashboard-API-authorized-chromium\error-context.md]]

[[ATTACHMENT|test-artifacts\e2e-api-session-verificati-cb290-er-dashboard-API-authorized-chromium\trace.zip]]
]]>
</system-out>
</testcase>
<testcase name="Session &amp; Role API Verification › influencer session exposes correct role; supplier dashboard API forbidden" classname="e2e\api\session-verification.spec.ts" time="16.072">
<failure message="session-verification.spec.ts:19:7 influencer session exposes correct role; supplier dashboard API forbidden" type="FAILURE">
<![CDATA[  [chromium] › e2e\api\session-verification.spec.ts:19:7 › Session & Role API Verification › influencer session exposes correct role; supplier dashboard API forbidden 

    SyntaxError: Unexpected token '<', "<!DOCTYPE "... is not valid JSON

      22 |     const sessionRes = await request.get("/api/auth/session");
      23 |     expect(sessionRes.status()).toBeLessThan(400);
    > 24 |     const session = await sessionRes.json();
         |                     ^
      25 |     expect(session).toBeDefined();
      26 |     expect(session?.user).toBeDefined();
      27 |     expect(session?.user?.role).toBe("influencer");
        at C:\Users\Lenovo\Desktop\Workspce\vo-onelink-google\tests\e2e\api\session-verification.spec.ts:24:21

    attachment #1: screenshot (image/png) ──────────────────────────────────────────────────────────
    ..\Dashboard Build\Reports\test-artifacts\e2e-api-session-verificati-a8b28-ier-dashboard-API-forbidden-chromium\test-failed-1.png
    ────────────────────────────────────────────────────────────────────────────────────────────────

    attachment #2: video (video/webm) ──────────────────────────────────────────────────────────────
    ..\Dashboard Build\Reports\test-artifacts\e2e-api-session-verificati-a8b28-ier-dashboard-API-forbidden-chromium\video.webm
    ────────────────────────────────────────────────────────────────────────────────────────────────

    Error Context: ..\Dashboard Build\Reports\test-artifacts\e2e-api-session-verificati-a8b28-ier-dashboard-API-forbidden-chromium\error-context.md

    attachment #4: trace (application/zip) ─────────────────────────────────────────────────────────
    ..\Dashboard Build\Reports\test-artifacts\e2e-api-session-verificati-a8b28-ier-dashboard-API-forbidden-chromium\trace.zip
    Usage:

        pnpm exec playwright show-trace "..\Dashboard Build\Reports\test-artifacts\e2e-api-session-verificati-a8b28-ier-dashboard-API-forbidden-chromium\trace.zip"

    ────────────────────────────────────────────────────────────────────────────────────────────────
]]>
</failure>
<system-out>
<![CDATA[
[[ATTACHMENT|test-artifacts\e2e-api-session-verificati-a8b28-ier-dashboard-API-forbidden-chromium\test-failed-1.png]]

[[ATTACHMENT|test-artifacts\e2e-api-session-verificati-a8b28-ier-dashboard-API-forbidden-chromium\video.webm]]

[[ATTACHMENT|test-artifacts\e2e-api-session-verificati-a8b28-ier-dashboard-API-forbidden-chromium\error-context.md]]

[[ATTACHMENT|test-artifacts\e2e-api-session-verificati-a8b28-ier-dashboard-API-forbidden-chromium\trace.zip]]
]]>
</system-out>
</testcase>
</testsuite>
<testsuite name="e2e\auth-access.spec.ts" timestamp="2025-10-06T10:08:35.602Z" hostname="chromium" tests="4" failures="3" skipped="0" time="139.345" errors="0">
<testcase name="Auth Access - Email/Password and Role Redirects › admin email/password redirects to /admin/dashboard" classname="e2e\auth-access.spec.ts" time="28.409">
<failure message="auth-access.spec.ts:12:7 admin email/password redirects to /admin/dashboard" type="FAILURE">
<![CDATA[  [chromium] › e2e\auth-access.spec.ts:12:7 › Auth Access - Email/Password and Role Redirects › admin email/password redirects to /admin/dashboard 

    TimeoutError: locator.click: Timeout 10000ms exceeded.
    Call log:
      - waiting for getByRole('button', { name: 'Sign In' })
        - locator resolved to <button type="submit" class="inline-flex items-center justify-center gap-2 whitespace-nowrap rounded-lg text-sm font-medium transition-all disabled:pointer-events-none disabled:opacity-50 outline-none bg-indigo-600 text-white shadow-sm hover:bg-indigo-700 focus-visible:ring-2 focus-visible:ring-indigo-500 focus-visible:ring-offset-2 h-9 px-4 py-2">Sign In</button>
      - attempting click action
        - waiting for element to be visible, enabled and stable
        - element is visible, enabled and stable
        - scrolling into view if needed
        - done scrolling
        - performing click action
        - click action done
        - waiting for scheduled navigations to finish


       5 |   await page.getByLabel("Email").fill(email);
       6 |   await page.getByLabel("Password").fill(password);
    >  7 |   await page.getByRole("button", { name: "Sign In" }).click();
         |                                                       ^
       8 |   // Individual tests perform explicit waits (waitForURL/load) based on role
       9 | }
      10 |
        at emailPasswordLogin (C:\Users\Lenovo\Desktop\Workspce\vo-onelink-google\tests\e2e\auth-access.spec.ts:7:55)
        at C:\Users\Lenovo\Desktop\Workspce\vo-onelink-google\tests\e2e\auth-access.spec.ts:15:5

    attachment #1: video (video/webm) ──────────────────────────────────────────────────────────────
    ..\Dashboard Build\Reports\test-artifacts\e2e-auth-access-Auth-Acces-0beb7-edirects-to-admin-dashboard-chromium\video.webm
    ────────────────────────────────────────────────────────────────────────────────────────────────

    Error Context: ..\Dashboard Build\Reports\test-artifacts\e2e-auth-access-Auth-Acces-0beb7-edirects-to-admin-dashboard-chromium\error-context.md

    attachment #3: trace (application/zip) ─────────────────────────────────────────────────────────
    ..\Dashboard Build\Reports\test-artifacts\e2e-auth-access-Auth-Acces-0beb7-edirects-to-admin-dashboard-chromium\trace.zip
    Usage:

        pnpm exec playwright show-trace "..\Dashboard Build\Reports\test-artifacts\e2e-auth-access-Auth-Acces-0beb7-edirects-to-admin-dashboard-chromium\trace.zip"

    ────────────────────────────────────────────────────────────────────────────────────────────────
]]>
</failure>
<system-out>
<![CDATA[
[[ATTACHMENT|test-artifacts\e2e-auth-access-Auth-Acces-0beb7-edirects-to-admin-dashboard-chromium\video.webm]]

[[ATTACHMENT|test-artifacts\e2e-auth-access-Auth-Acces-0beb7-edirects-to-admin-dashboard-chromium\error-context.md]]

[[ATTACHMENT|test-artifacts\e2e-auth-access-Auth-Acces-0beb7-edirects-to-admin-dashboard-chromium\trace.zip]]
]]>
</system-out>
</testcase>
<testcase name="Auth Access - Email/Password and Role Redirects › customer redirects to home (no dashboard)" classname="e2e\auth-access.spec.ts" time="48.188">
<failure message="auth-access.spec.ts:26:7 customer redirects to home (no dashboard)" type="FAILURE">
<![CDATA[  [chromium] › e2e\auth-access.spec.ts:26:7 › Auth Access - Email/Password and Role Redirects › customer redirects to home (no dashboard) 

    Test timeout of 45000ms exceeded.

    Error: page.waitForLoadState: Test timeout of 45000ms exceeded.

      30 |       "NewTestPassword123!"
      31 |     );
    > 32 |     await page.waitForLoadState("networkidle");
         |                ^
      33 |     // customers should land on site root
      34 |     const pathname = new URL(page.url()).pathname;
      35 |     expect(pathname).toBe("/");
        at C:\Users\Lenovo\Desktop\Workspce\vo-onelink-google\tests\e2e\auth-access.spec.ts:32:16

    attachment #1: screenshot (image/png) ──────────────────────────────────────────────────────────
    ..\Dashboard Build\Reports\test-artifacts\e2e-auth-access-Auth-Acces-4e088-rects-to-home-no-dashboard--chromium\test-failed-1.png
    ────────────────────────────────────────────────────────────────────────────────────────────────

    attachment #2: video (video/webm) ──────────────────────────────────────────────────────────────
    ..\Dashboard Build\Reports\test-artifacts\e2e-auth-access-Auth-Acces-4e088-rects-to-home-no-dashboard--chromium\video.webm
    ────────────────────────────────────────────────────────────────────────────────────────────────

    Error Context: ..\Dashboard Build\Reports\test-artifacts\e2e-auth-access-Auth-Acces-4e088-rects-to-home-no-dashboard--chromium\error-context.md

    attachment #4: trace (application/zip) ─────────────────────────────────────────────────────────
    ..\Dashboard Build\Reports\test-artifacts\e2e-auth-access-Auth-Acces-4e088-rects-to-home-no-dashboard--chromium\trace.zip
    Usage:

        pnpm exec playwright show-trace "..\Dashboard Build\Reports\test-artifacts\e2e-auth-access-Auth-Acces-4e088-rects-to-home-no-dashboard--chromium\trace.zip"

    ────────────────────────────────────────────────────────────────────────────────────────────────
]]>
</failure>
<system-out>
<![CDATA[
[[ATTACHMENT|test-artifacts\e2e-auth-access-Auth-Acces-4e088-rects-to-home-no-dashboard--chromium\test-failed-1.png]]

[[ATTACHMENT|test-artifacts\e2e-auth-access-Auth-Acces-4e088-rects-to-home-no-dashboard--chromium\video.webm]]

[[ATTACHMENT|test-artifacts\e2e-auth-access-Auth-Acces-4e088-rects-to-home-no-dashboard--chromium\error-context.md]]

[[ATTACHMENT|test-artifacts\e2e-auth-access-Auth-Acces-4e088-rects-to-home-no-dashboard--chromium\trace.zip]]
]]>
</system-out>
</testcase>
<testcase name="Auth Access - Email/Password and Role Redirects › brand/supplier redirects to /dashboard/supplier" classname="e2e\auth-access.spec.ts" time="21.532">
</testcase>
<testcase name="Auth Access - Email/Password and Role Redirects › influencer redirects to /dashboard/influencer" classname="e2e\auth-access.spec.ts" time="41.216">
<failure message="auth-access.spec.ts:48:7 influencer redirects to /dashboard/influencer" type="FAILURE">
<![CDATA[  [chromium] › e2e\auth-access.spec.ts:48:7 › Auth Access - Email/Password and Role Redirects › influencer redirects to /dashboard/influencer 

    TimeoutError: page.waitForURL: Timeout 15000ms exceeded.
    =========================== logs ===========================
    waiting for navigation to "**/dashboard/influencer" until "load"
      navigated to "http://127.0.0.1:3001/sign-in"
    ============================================================

      52 |       "NewInfluencerPassword123!"
      53 |     );
    > 54 |     await page.waitForURL("**/dashboard/influencer", { timeout: 15000 });
         |                ^
      55 |     await expect(page).toHaveURL(/\/dashboard\/influencer$/);
      56 |   });
      57 | });
        at C:\Users\Lenovo\Desktop\Workspce\vo-onelink-google\tests\e2e\auth-access.spec.ts:54:16

    attachment #1: video (video/webm) ──────────────────────────────────────────────────────────────
    ..\Dashboard Build\Reports\test-artifacts\e2e-auth-access-Auth-Acces-34270-cts-to-dashboard-influencer-chromium\video.webm
    ────────────────────────────────────────────────────────────────────────────────────────────────

    attachment #2: trace (application/zip) ─────────────────────────────────────────────────────────
    ..\Dashboard Build\Reports\test-artifacts\e2e-auth-access-Auth-Acces-34270-cts-to-dashboard-influencer-chromium\trace.zip
    Usage:

        pnpm exec playwright show-trace "..\Dashboard Build\Reports\test-artifacts\e2e-auth-access-Auth-Acces-34270-cts-to-dashboard-influencer-chromium\trace.zip"

    ────────────────────────────────────────────────────────────────────────────────────────────────
]]>
</failure>
<system-out>
<![CDATA[
[[ATTACHMENT|test-artifacts\e2e-auth-access-Auth-Acces-34270-cts-to-dashboard-influencer-chromium\video.webm]]

[[ATTACHMENT|test-artifacts\e2e-auth-access-Auth-Acces-34270-cts-to-dashboard-influencer-chromium\trace.zip]]
]]>
</system-out>
</testcase>
</testsuite>
<testsuite name="e2e\auth.spec.ts" timestamp="2025-10-06T10:08:35.602Z" hostname="chromium" tests="3" failures="2" skipped="0" time="65.891" errors="0">
<testcase name="Authentication and Authorization Flows › should allow an admin to log in with email and password" classname="e2e\auth.spec.ts" time="26.84">
<failure message="auth.spec.ts:10:7 should allow an admin to log in with email and password" type="FAILURE">
<![CDATA[  [chromium] › e2e\auth.spec.ts:10:7 › Authentication and Authorization Flows › should allow an admin to log in with email and password 

    TimeoutError: locator.click: Timeout 10000ms exceeded.
    Call log:
      - waiting for getByRole('button', { name: 'Sign In', exact: true })
        - locator resolved to <button type="submit" class="inline-flex items-center justify-center gap-2 whitespace-nowrap rounded-lg text-sm font-medium transition-all disabled:pointer-events-none disabled:opacity-50 outline-none bg-indigo-600 text-white shadow-sm hover:bg-indigo-700 focus-visible:ring-2 focus-visible:ring-indigo-500 focus-visible:ring-offset-2 h-9 px-4 py-2">Sign In</button>
      - attempting click action
        - waiting for element to be visible, enabled and stable
        - element is visible, enabled and stable
        - scrolling into view if needed
        - done scrolling
        - performing click action
        - click action done
        - waiting for scheduled navigations to finish


      18 |
      19 |     // Click the sign-in button
    > 20 |     await page.getByRole("button", { name: "Sign In", exact: true }).click();
         |                                                                      ^
      21 |
      22 |     // Wait for navigation and verify the URL
      23 |     await page.waitForURL("**/admin/dashboard");
        at C:\Users\Lenovo\Desktop\Workspce\vo-onelink-google\tests\e2e\auth.spec.ts:20:70

    attachment #1: video (video/webm) ──────────────────────────────────────────────────────────────
    ..\Dashboard Build\Reports\test-artifacts\e2e-auth-Authentication-an-fd913--in-with-email-and-password-chromium\video.webm
    ────────────────────────────────────────────────────────────────────────────────────────────────

    Error Context: ..\Dashboard Build\Reports\test-artifacts\e2e-auth-Authentication-an-fd913--in-with-email-and-password-chromium\error-context.md

    attachment #3: trace (application/zip) ─────────────────────────────────────────────────────────
    ..\Dashboard Build\Reports\test-artifacts\e2e-auth-Authentication-an-fd913--in-with-email-and-password-chromium\trace.zip
    Usage:

        pnpm exec playwright show-trace "..\Dashboard Build\Reports\test-artifacts\e2e-auth-Authentication-an-fd913--in-with-email-and-password-chromium\trace.zip"

    ────────────────────────────────────────────────────────────────────────────────────────────────
]]>
</failure>
<system-out>
<![CDATA[
[[ATTACHMENT|test-artifacts\e2e-auth-Authentication-an-fd913--in-with-email-and-password-chromium\video.webm]]

[[ATTACHMENT|test-artifacts\e2e-auth-Authentication-an-fd913--in-with-email-and-password-chromium\error-context.md]]

[[ATTACHMENT|test-artifacts\e2e-auth-Authentication-an-fd913--in-with-email-and-password-chromium\trace.zip]]
]]>
</system-out>
</testcase>
<testcase name="Authentication and Authorization Flows › should show Google OAuth button on sign-in and trigger navigation" classname="e2e\auth.spec.ts" time="9.6">
</testcase>
<testcase name="Authentication and Authorization Flows › should show an error for invalid email/password credentials" classname="e2e\auth.spec.ts" time="29.451">
<failure message="auth.spec.ts:45:7 should show an error for invalid email/password credentials" type="FAILURE">
<![CDATA[  [chromium] › e2e\auth.spec.ts:45:7 › Authentication and Authorization Flows › should show an error for invalid email/password credentials 

    TimeoutError: locator.click: Timeout 10000ms exceeded.
    Call log:
      - waiting for getByRole('button', { name: 'Sign In', exact: true })
        - locator resolved to <button type="submit" class="inline-flex items-center justify-center gap-2 whitespace-nowrap rounded-lg text-sm font-medium transition-all disabled:pointer-events-none disabled:opacity-50 outline-none bg-indigo-600 text-white shadow-sm hover:bg-indigo-700 focus-visible:ring-2 focus-visible:ring-indigo-500 focus-visible:ring-offset-2 h-9 px-4 py-2">Sign In</button>
      - attempting click action
        - waiting for element to be visible, enabled and stable
        - element is visible, enabled and stable
        - scrolling into view if needed
        - done scrolling
        - performing click action
        - click action done
        - waiting for scheduled navigations to finish


      53 |
      54 |     // Click the sign-in button
    > 55 |     await page.getByRole("button", { name: "Sign In", exact: true }).click();
         |                                                                      ^
      56 |
      57 |     // Verify that the page redirects back to sign-in with an error message
      58 |     await page.waitForURL("**/sign-in?message=*");
        at C:\Users\Lenovo\Desktop\Workspce\vo-onelink-google\tests\e2e\auth.spec.ts:55:70

    attachment #1: video (video/webm) ──────────────────────────────────────────────────────────────
    ..\Dashboard Build\Reports\test-artifacts\e2e-auth-Authentication-an-fb9e8--email-password-credentials-chromium\video.webm
    ────────────────────────────────────────────────────────────────────────────────────────────────

    Error Context: ..\Dashboard Build\Reports\test-artifacts\e2e-auth-Authentication-an-fb9e8--email-password-credentials-chromium\error-context.md

    attachment #3: trace (application/zip) ─────────────────────────────────────────────────────────
    ..\Dashboard Build\Reports\test-artifacts\e2e-auth-Authentication-an-fb9e8--email-password-credentials-chromium\trace.zip
    Usage:

        pnpm exec playwright show-trace "..\Dashboard Build\Reports\test-artifacts\e2e-auth-Authentication-an-fb9e8--email-password-credentials-chromium\trace.zip"

    ────────────────────────────────────────────────────────────────────────────────────────────────
]]>
</failure>
<system-out>
<![CDATA[
[[ATTACHMENT|test-artifacts\e2e-auth-Authentication-an-fb9e8--email-password-credentials-chromium\video.webm]]

[[ATTACHMENT|test-artifacts\e2e-auth-Authentication-an-fb9e8--email-password-credentials-chromium\error-context.md]]

[[ATTACHMENT|test-artifacts\e2e-auth-Authentication-an-fb9e8--email-password-credentials-chromium\trace.zip]]
]]>
</system-out>
</testcase>
</testsuite>
<testsuite name="e2e\checkout\checkout-flow.spec.ts" timestamp="2025-10-06T10:08:35.602Z" hostname="chromium" tests="2" failures="2" skipped="0" time="93.719" errors="0">
<testcase name="Checkout Flow › complete checkout to success page (Stripe test mode supported)" classname="e2e\checkout\checkout-flow.spec.ts" time="47.242">
<failure message="checkout-flow.spec.ts:25:7 complete checkout to success page (Stripe test mode supported)" type="FAILURE">
<![CDATA[  [chromium] › e2e\checkout\checkout-flow.spec.ts:25:7 › Checkout Flow › complete checkout to success page (Stripe test mode supported) 

    Test timeout of 45000ms exceeded while running "beforeEach" hook.

       8 |
       9 | test.describe("Checkout Flow", () => {
    > 10 |   test.beforeEach(async ({ page }) => {
         |        ^
      11 |     // Navigate to a shop page or fallback to generic listing
      12 |     await page.goto("/shops");
      13 |     await page.waitForLoadState("domcontentloaded");
        at C:\Users\Lenovo\Desktop\Workspce\vo-onelink-google\tests\e2e\checkout\checkout-flow.spec.ts:10:8

    Error: page.waitForLoadState: Test timeout of 45000ms exceeded.

      16 |     if (await firstShop.isVisible().catch(() => false)) {
      17 |       await firstShop.click();
    > 18 |       await page.waitForLoadState("networkidle");
         |                  ^
      19 |     } else {
      20 |       await page.goto("/shop");
      21 |       await page.waitForLoadState("networkidle");
        at C:\Users\Lenovo\Desktop\Workspce\vo-onelink-google\tests\e2e\checkout\checkout-flow.spec.ts:18:18

    attachment #1: screenshot (image/png) ──────────────────────────────────────────────────────────
    ..\Dashboard Build\Reports\test-artifacts\e2e-checkout-checkout-flow-04df3-Stripe-test-mode-supported--chromium\test-failed-1.png
    ────────────────────────────────────────────────────────────────────────────────────────────────

    attachment #2: video (video/webm) ──────────────────────────────────────────────────────────────
    ..\Dashboard Build\Reports\test-artifacts\e2e-checkout-checkout-flow-04df3-Stripe-test-mode-supported--chromium\video.webm
    ────────────────────────────────────────────────────────────────────────────────────────────────

    Error Context: ..\Dashboard Build\Reports\test-artifacts\e2e-checkout-checkout-flow-04df3-Stripe-test-mode-supported--chromium\error-context.md

    attachment #4: trace (application/zip) ─────────────────────────────────────────────────────────
    ..\Dashboard Build\Reports\test-artifacts\e2e-checkout-checkout-flow-04df3-Stripe-test-mode-supported--chromium\trace.zip
    Usage:

        pnpm exec playwright show-trace "..\Dashboard Build\Reports\test-artifacts\e2e-checkout-checkout-flow-04df3-Stripe-test-mode-supported--chromium\trace.zip"

    ────────────────────────────────────────────────────────────────────────────────────────────────
]]>
</failure>
<system-out>
<![CDATA[
[[ATTACHMENT|test-artifacts\e2e-checkout-checkout-flow-04df3-Stripe-test-mode-supported--chromium\test-failed-1.png]]

[[ATTACHMENT|test-artifacts\e2e-checkout-checkout-flow-04df3-Stripe-test-mode-supported--chromium\video.webm]]

[[ATTACHMENT|test-artifacts\e2e-checkout-checkout-flow-04df3-Stripe-test-mode-supported--chromium\error-context.md]]

[[ATTACHMENT|test-artifacts\e2e-checkout-checkout-flow-04df3-Stripe-test-mode-supported--chromium\trace.zip]]
]]>
</system-out>
</testcase>
<testcase name="Checkout Flow › checkout validation prevents submission with missing fields" classname="e2e\checkout\checkout-flow.spec.ts" time="46.477">
<failure message="checkout-flow.spec.ts:108:7 checkout validation prevents submission with missing fields" type="FAILURE">
<![CDATA[  [chromium] › e2e\checkout\checkout-flow.spec.ts:108:7 › Checkout Flow › checkout validation prevents submission with missing fields 

    Test timeout of 45000ms exceeded.

    Error: locator.click: Test timeout of 45000ms exceeded.
    Call log:
      - waiting for locator('[data-testid="add-to-cart-button"]').first().or(getByRole('button', { name: /add to cart/i }).first())


      111 |       .locator('[data-testid="add-to-cart-button"]').first()
      112 |       .or(page.getByRole("button", { name: /add to cart/i }).first());
    > 113 |     await addToCart.click();
          |                     ^
      114 |
      115 |     // Go to cart and checkout
      116 |     await page.locator('[aria-label*="cart" i]').first().click();
        at C:\Users\Lenovo\Desktop\Workspce\vo-onelink-google\tests\e2e\checkout\checkout-flow.spec.ts:113:21

    attachment #1: screenshot (image/png) ──────────────────────────────────────────────────────────
    ..\Dashboard Build\Reports\test-artifacts\e2e-checkout-checkout-flow-98a2d-mission-with-missing-fields-chromium\test-failed-1.png
    ────────────────────────────────────────────────────────────────────────────────────────────────

    attachment #2: video (video/webm) ──────────────────────────────────────────────────────────────
    ..\Dashboard Build\Reports\test-artifacts\e2e-checkout-checkout-flow-98a2d-mission-with-missing-fields-chromium\video.webm
    ────────────────────────────────────────────────────────────────────────────────────────────────

    Error Context: ..\Dashboard Build\Reports\test-artifacts\e2e-checkout-checkout-flow-98a2d-mission-with-missing-fields-chromium\error-context.md

    attachment #4: trace (application/zip) ─────────────────────────────────────────────────────────
    ..\Dashboard Build\Reports\test-artifacts\e2e-checkout-checkout-flow-98a2d-mission-with-missing-fields-chromium\trace.zip
    Usage:

        pnpm exec playwright show-trace "..\Dashboard Build\Reports\test-artifacts\e2e-checkout-checkout-flow-98a2d-mission-with-missing-fields-chromium\trace.zip"

    ────────────────────────────────────────────────────────────────────────────────────────────────
]]>
</failure>
<system-out>
<![CDATA[
[[ATTACHMENT|test-artifacts\e2e-checkout-checkout-flow-98a2d-mission-with-missing-fields-chromium\test-failed-1.png]]

[[ATTACHMENT|test-artifacts\e2e-checkout-checkout-flow-98a2d-mission-with-missing-fields-chromium\video.webm]]

[[ATTACHMENT|test-artifacts\e2e-checkout-checkout-flow-98a2d-mission-with-missing-fields-chromium\error-context.md]]

[[ATTACHMENT|test-artifacts\e2e-checkout-checkout-flow-98a2d-mission-with-missing-fields-chromium\trace.zip]]
]]>
</system-out>
</testcase>
</testsuite>
<testsuite name="e2e\checkout.spec.ts" timestamp="2025-10-06T10:08:35.602Z" hostname="chromium" tests="1" failures="1" skipped="0" time="4.628" errors="0">
<testcase name="Checkout API › creates checkout session for influencer shop product" classname="e2e\checkout.spec.ts" time="4.628">
<failure message="checkout.spec.ts:28:7 creates checkout session for influencer shop product" type="FAILURE">
<![CDATA[  [chromium] › e2e\checkout.spec.ts:28:7 › Checkout API › creates checkout session for influencer shop product 

    Error: expect(received).toBeTruthy()

    Received: false

      36 |     // 1) Get products from the influencer shop API
      37 |     const shopRes = await request.get(`${baseURL}/api/shop/${HANDLE}`);
    > 38 |     expect(shopRes.ok()).toBeTruthy();
         |                          ^
      39 |     const shopJson = (await shopRes.json()) as ApiResponseShop;
      40 |     expect(shopJson.ok).toBeTruthy();
      41 |     const first: Product | undefined = shopJson.data?.products?.[0];
        at C:\Users\Lenovo\Desktop\Workspce\vo-onelink-google\tests\e2e\checkout.spec.ts:38:26

    attachment #1: trace (application/zip) ─────────────────────────────────────────────────────────
    ..\Dashboard Build\Reports\test-artifacts\e2e-checkout-Checkout-API--c1b97-for-influencer-shop-product-chromium\trace.zip
    Usage:

        pnpm exec playwright show-trace "..\Dashboard Build\Reports\test-artifacts\e2e-checkout-Checkout-API--c1b97-for-influencer-shop-product-chromium\trace.zip"

    ────────────────────────────────────────────────────────────────────────────────────────────────
]]>
</failure>
<system-out>
<![CDATA[
[[ATTACHMENT|test-artifacts\e2e-checkout-Checkout-API--c1b97-for-influencer-shop-product-chromium\trace.zip]]
]]>
</system-out>
</testcase>
</testsuite>
<testsuite name="e2e\dashboard\admin-access.spec.ts" timestamp="2025-10-06T10:08:35.602Z" hostname="chromium" tests="3" failures="3" skipped="0" time="124.135" errors="0">
<testcase name="Admin Dashboard Access › can access admin dashboard" classname="e2e\dashboard\admin-access.spec.ts" time="25.03">
<failure message="admin-access.spec.ts:9:7 can access admin dashboard" type="FAILURE">
<![CDATA[  [chromium] › e2e\dashboard\admin-access.spec.ts:9:7 › Admin Dashboard Access › can access admin dashboard 

    TimeoutError: locator.click: Timeout 10000ms exceeded.
    Call log:
      - waiting for getByRole('button', { name: /sign in/i }).or(locator('button[type="submit"]').first())
        - locator resolved to <button type="submit" class="inline-flex items-center justify-center gap-2 whitespace-nowrap rounded-lg text-sm font-medium transition-all disabled:pointer-events-none disabled:opacity-50 outline-none bg-indigo-600 text-white shadow-sm hover:bg-indigo-700 focus-visible:ring-2 focus-visible:ring-indigo-500 focus-visible:ring-offset-2 h-9 px-4 py-2">Sign In</button>
      - attempting click action
        - waiting for element to be visible, enabled and stable
        - element is visible, enabled and stable
        - scrolling into view if needed
        - done scrolling
        - performing click action
        - click action done
        - waiting for scheduled navigations to finish


       at helpers\auth.ts:34

      32 |     .getByRole("button", { name: /sign in/i })
      33 |     .or(page.locator('button[type="submit"]').first())
    > 34 |     .click();
         |      ^
      35 |
      36 |   // Wait for admin dashboard URL; avoid relying on networkidle which can be flaky
      37 |   try {
        at loginAsAdmin (C:\Users\Lenovo\Desktop\Workspce\vo-onelink-google\tests\helpers\auth.ts:34:6)
        at C:\Users\Lenovo\Desktop\Workspce\vo-onelink-google\tests\e2e\dashboard\admin-access.spec.ts:6:5

    attachment #1: video (video/webm) ──────────────────────────────────────────────────────────────
    ..\Dashboard Build\Reports\test-artifacts\e2e-dashboard-admin-access-d2641--can-access-admin-dashboard-chromium\video.webm
    ────────────────────────────────────────────────────────────────────────────────────────────────

    Error Context: ..\Dashboard Build\Reports\test-artifacts\e2e-dashboard-admin-access-d2641--can-access-admin-dashboard-chromium\error-context.md

    attachment #3: trace (application/zip) ─────────────────────────────────────────────────────────
    ..\Dashboard Build\Reports\test-artifacts\e2e-dashboard-admin-access-d2641--can-access-admin-dashboard-chromium\trace.zip
    Usage:

        pnpm exec playwright show-trace "..\Dashboard Build\Reports\test-artifacts\e2e-dashboard-admin-access-d2641--can-access-admin-dashboard-chromium\trace.zip"

    ────────────────────────────────────────────────────────────────────────────────────────────────
]]>
</failure>
<system-out>
<![CDATA[
[[ATTACHMENT|test-artifacts\e2e-dashboard-admin-access-d2641--can-access-admin-dashboard-chromium\video.webm]]

[[ATTACHMENT|test-artifacts\e2e-dashboard-admin-access-d2641--can-access-admin-dashboard-chromium\error-context.md]]

[[ATTACHMENT|test-artifacts\e2e-dashboard-admin-access-d2641--can-access-admin-dashboard-chromium\trace.zip]]
]]>
</system-out>
</testcase>
<testcase name="Admin Dashboard Access › can access supplier dashboard pages" classname="e2e\dashboard\admin-access.spec.ts" time="46.563">
<failure message="admin-access.spec.ts:16:7 can access supplier dashboard pages" type="FAILURE">
<![CDATA[  [chromium] › e2e\dashboard\admin-access.spec.ts:16:7 › Admin Dashboard Access › can access supplier dashboard pages 

    Test timeout of 45000ms exceeded.

    Error: expect(locator).toBeVisible() failed

    Locator:  getByText(/Verification in progress/i)
    Expected: visible
    Received: <element(s) not found>

    Call log:
      - Expect "toBeVisible" with timeout 5000ms
      - waiting for getByText(/Verification in progress/i)


      20 |     await page.goto("/dashboard/supplier/products");
      21 |     await expect(page).toHaveURL(/\/dashboard\/supplier\/products$/);
    > 22 |     await expect(page.getByText(/Verification in progress/i)).toBeVisible();
         |                                                               ^
      23 |   });
      24 |
      25 |   test("supplier orders and analytics pages load", async ({ page }) => {
        at C:\Users\Lenovo\Desktop\Workspce\vo-onelink-google\tests\e2e\dashboard\admin-access.spec.ts:22:63

    attachment #1: screenshot (image/png) ──────────────────────────────────────────────────────────
    ..\Dashboard Build\Reports\test-artifacts\e2e-dashboard-admin-access-f6e81-ss-supplier-dashboard-pages-chromium\test-failed-1.png
    ────────────────────────────────────────────────────────────────────────────────────────────────

    attachment #2: video (video/webm) ──────────────────────────────────────────────────────────────
    ..\Dashboard Build\Reports\test-artifacts\e2e-dashboard-admin-access-f6e81-ss-supplier-dashboard-pages-chromium\video.webm
    ────────────────────────────────────────────────────────────────────────────────────────────────

    Error Context: ..\Dashboard Build\Reports\test-artifacts\e2e-dashboard-admin-access-f6e81-ss-supplier-dashboard-pages-chromium\error-context.md

    attachment #4: trace (application/zip) ─────────────────────────────────────────────────────────
    ..\Dashboard Build\Reports\test-artifacts\e2e-dashboard-admin-access-f6e81-ss-supplier-dashboard-pages-chromium\trace.zip
    Usage:

        pnpm exec playwright show-trace "..\Dashboard Build\Reports\test-artifacts\e2e-dashboard-admin-access-f6e81-ss-supplier-dashboard-pages-chromium\trace.zip"

    ────────────────────────────────────────────────────────────────────────────────────────────────
]]>
</failure>
<system-out>
<![CDATA[
[[ATTACHMENT|test-artifacts\e2e-dashboard-admin-access-f6e81-ss-supplier-dashboard-pages-chromium\test-failed-1.png]]

[[ATTACHMENT|test-artifacts\e2e-dashboard-admin-access-f6e81-ss-supplier-dashboard-pages-chromium\video.webm]]

[[ATTACHMENT|test-artifacts\e2e-dashboard-admin-access-f6e81-ss-supplier-dashboard-pages-chromium\error-context.md]]

[[ATTACHMENT|test-artifacts\e2e-dashboard-admin-access-f6e81-ss-supplier-dashboard-pages-chromium\trace.zip]]
]]>
</system-out>
</testcase>
<testcase name="Admin Dashboard Access › supplier orders and analytics pages load" classname="e2e\dashboard\admin-access.spec.ts" time="52.542">
<failure message="admin-access.spec.ts:25:7 supplier orders and analytics pages load" type="FAILURE">
<![CDATA[  [chromium] › e2e\dashboard\admin-access.spec.ts:25:7 › Admin Dashboard Access › supplier orders and analytics pages load 

    Test timeout of 45000ms exceeded.

    Error: page.goto: Test timeout of 45000ms exceeded.
    Call log:
      - navigating to "http://127.0.0.1:3001/dashboard/supplier/orders", waiting until "load"


      24 |
      25 |   test("supplier orders and analytics pages load", async ({ page }) => {
    > 26 |     const r1 = await page.goto("/dashboard/supplier/orders");
         |                           ^
      27 |     expect(r1).not.toBeNull();
      28 |     // See KNOWN_ISSUES.md: these endpoints are not implemented yet and return 404
      29 |     expect(r1!.status()).toBe(404);
        at C:\Users\Lenovo\Desktop\Workspce\vo-onelink-google\tests\e2e\dashboard\admin-access.spec.ts:26:27

    attachment #1: video (video/webm) ──────────────────────────────────────────────────────────────
    ..\Dashboard Build\Reports\test-artifacts\e2e-dashboard-admin-access-d7ce2-rs-and-analytics-pages-load-chromium\video.webm
    ────────────────────────────────────────────────────────────────────────────────────────────────

    Error Context: ..\Dashboard Build\Reports\test-artifacts\e2e-dashboard-admin-access-d7ce2-rs-and-analytics-pages-load-chromium\error-context.md

    attachment #3: trace (application/zip) ─────────────────────────────────────────────────────────
    ..\Dashboard Build\Reports\test-artifacts\e2e-dashboard-admin-access-d7ce2-rs-and-analytics-pages-load-chromium\trace.zip
    Usage:

        pnpm exec playwright show-trace "..\Dashboard Build\Reports\test-artifacts\e2e-dashboard-admin-access-d7ce2-rs-and-analytics-pages-load-chromium\trace.zip"

    ────────────────────────────────────────────────────────────────────────────────────────────────
]]>
</failure>
<system-out>
<![CDATA[
[[ATTACHMENT|test-artifacts\e2e-dashboard-admin-access-d7ce2-rs-and-analytics-pages-load-chromium\video.webm]]

[[ATTACHMENT|test-artifacts\e2e-dashboard-admin-access-d7ce2-rs-and-analytics-pages-load-chromium\error-context.md]]

[[ATTACHMENT|test-artifacts\e2e-dashboard-admin-access-d7ce2-rs-and-analytics-pages-load-chromium\trace.zip]]
]]>
</system-out>
</testcase>
</testsuite>
<testsuite name="e2e\dashboard\influencer-dashboard.spec.ts" timestamp="2025-10-06T10:08:35.602Z" hostname="chromium" tests="1" failures="1" skipped="0" time="25.028" errors="0">
<testcase name="Influencer Dashboard Access › dashboard loads and shows influencer UI" classname="e2e\dashboard\influencer-dashboard.spec.ts" time="25.028">
<failure message="influencer-dashboard.spec.ts:9:7 dashboard loads and shows influencer UI" type="FAILURE">
<![CDATA[  [chromium] › e2e\dashboard\influencer-dashboard.spec.ts:9:7 › Influencer Dashboard Access › dashboard loads and shows influencer UI 

    TimeoutError: locator.click: Timeout 10000ms exceeded.
    Call log:
      - waiting for getByRole('button', { name: /sign in/i }).or(locator('button[type="submit"]').first())
        - locator resolved to <button type="submit" class="inline-flex items-center justify-center gap-2 whitespace-nowrap rounded-lg text-sm font-medium transition-all disabled:pointer-events-none disabled:opacity-50 outline-none bg-indigo-600 text-white shadow-sm hover:bg-indigo-700 focus-visible:ring-2 focus-visible:ring-indigo-500 focus-visible:ring-offset-2 h-9 px-4 py-2">Sign In</button>
      - attempting click action
        - waiting for element to be visible, enabled and stable
        - element is visible, enabled and stable
        - scrolling into view if needed
        - done scrolling
        - performing click action
        - click action done
        - waiting for scheduled navigations to finish


       at helpers\auth.ts:65

      63 |     .getByRole("button", { name: /sign in/i })
      64 |     .or(page.locator('button[type="submit"]').first())
    > 65 |     .click();
         |      ^
      66 |
      67 |   try {
      68 |     await expect(page).toHaveURL(/\/dashboard\/influencer(\/.*)?$/i, {
        at loginAsInfluencer (C:\Users\Lenovo\Desktop\Workspce\vo-onelink-google\tests\helpers\auth.ts:65:6)
        at C:\Users\Lenovo\Desktop\Workspce\vo-onelink-google\tests\e2e\dashboard\influencer-dashboard.spec.ts:6:5

    attachment #1: video (video/webm) ──────────────────────────────────────────────────────────────
    ..\Dashboard Build\Reports\test-artifacts\e2e-dashboard-influencer-d-3e17f-ads-and-shows-influencer-UI-chromium\video.webm
    ────────────────────────────────────────────────────────────────────────────────────────────────

    Error Context: ..\Dashboard Build\Reports\test-artifacts\e2e-dashboard-influencer-d-3e17f-ads-and-shows-influencer-UI-chromium\error-context.md

    attachment #3: trace (application/zip) ─────────────────────────────────────────────────────────
    ..\Dashboard Build\Reports\test-artifacts\e2e-dashboard-influencer-d-3e17f-ads-and-shows-influencer-UI-chromium\trace.zip
    Usage:

        pnpm exec playwright show-trace "..\Dashboard Build\Reports\test-artifacts\e2e-dashboard-influencer-d-3e17f-ads-and-shows-influencer-UI-chromium\trace.zip"

    ────────────────────────────────────────────────────────────────────────────────────────────────
]]>
</failure>
<system-out>
<![CDATA[
[[ATTACHMENT|test-artifacts\e2e-dashboard-influencer-d-3e17f-ads-and-shows-influencer-UI-chromium\video.webm]]

[[ATTACHMENT|test-artifacts\e2e-dashboard-influencer-d-3e17f-ads-and-shows-influencer-UI-chromium\error-context.md]]

[[ATTACHMENT|test-artifacts\e2e-dashboard-influencer-d-3e17f-ads-and-shows-influencer-UI-chromium\trace.zip]]
]]>
</system-out>
</testcase>
</testsuite>
<testsuite name="e2e\dashboard\role-routing.spec.ts" timestamp="2025-10-06T10:08:35.602Z" hostname="chromium" tests="3" failures="2" skipped="0" time="134.571" errors="0">
<testcase name="Role-based dashboard routing › unauthenticated users are redirected to sign-in for both dashboards" classname="e2e\dashboard\role-routing.spec.ts" time="40.37">
</testcase>
<testcase name="Role-based dashboard routing › influencer cannot access supplier dashboard and is redirected to influencer" classname="e2e\dashboard\role-routing.spec.ts" time="54.567">
<failure message="role-routing.spec.ts:23:7 influencer cannot access supplier dashboard and is redirected to influencer" type="FAILURE">
<![CDATA[  [chromium] › e2e\dashboard\role-routing.spec.ts:23:7 › Role-based dashboard routing › influencer cannot access supplier dashboard and is redirected to influencer 

    Test timeout of 45000ms exceeded.

    Error: page.goto: Test timeout of 45000ms exceeded.
    Call log:
      - navigating to "http://127.0.0.1:3001/dashboard/supplier", waiting until "load"


      23 |   test("influencer cannot access supplier dashboard and is redirected to influencer", async ({ page, request }) => {
      24 |     await loginAsInfluencer(page);
    > 25 |     await page.goto("/dashboard/supplier");
         |                ^
      26 |     await page.waitForURL("**/dashboard/influencer**", { timeout: 15000 });
      27 |     await expect(page).toHaveURL(/\/dashboard\/influencer(\/.*)?$/);
      28 |     // API authZ: influencer should not access supplier dashboard API
        at C:\Users\Lenovo\Desktop\Workspce\vo-onelink-google\tests\e2e\dashboard\role-routing.spec.ts:25:16

    attachment #1: screenshot (image/png) ──────────────────────────────────────────────────────────
    ..\Dashboard Build\Reports\test-artifacts\e2e-dashboard-role-routing-dc30c-is-redirected-to-influencer-chromium\test-failed-1.png
    ────────────────────────────────────────────────────────────────────────────────────────────────

    attachment #2: video (video/webm) ──────────────────────────────────────────────────────────────
    ..\Dashboard Build\Reports\test-artifacts\e2e-dashboard-role-routing-dc30c-is-redirected-to-influencer-chromium\video.webm
    ────────────────────────────────────────────────────────────────────────────────────────────────

    Error Context: ..\Dashboard Build\Reports\test-artifacts\e2e-dashboard-role-routing-dc30c-is-redirected-to-influencer-chromium\error-context.md

    attachment #4: trace (application/zip) ─────────────────────────────────────────────────────────
    ..\Dashboard Build\Reports\test-artifacts\e2e-dashboard-role-routing-dc30c-is-redirected-to-influencer-chromium\trace.zip
    Usage:

        pnpm exec playwright show-trace "..\Dashboard Build\Reports\test-artifacts\e2e-dashboard-role-routing-dc30c-is-redirected-to-influencer-chromium\trace.zip"

    ────────────────────────────────────────────────────────────────────────────────────────────────
]]>
</failure>
<system-out>
<![CDATA[
[[ATTACHMENT|test-artifacts\e2e-dashboard-role-routing-dc30c-is-redirected-to-influencer-chromium\test-failed-1.png]]

[[ATTACHMENT|test-artifacts\e2e-dashboard-role-routing-dc30c-is-redirected-to-influencer-chromium\video.webm]]

[[ATTACHMENT|test-artifacts\e2e-dashboard-role-routing-dc30c-is-redirected-to-influencer-chromium\error-context.md]]

[[ATTACHMENT|test-artifacts\e2e-dashboard-role-routing-dc30c-is-redirected-to-influencer-chromium\trace.zip]]
]]>
</system-out>
</testcase>
<testcase name="Role-based dashboard routing › supplier cannot access influencer dashboard and is redirected to supplier" classname="e2e\dashboard\role-routing.spec.ts" time="39.634">
<failure message="role-routing.spec.ts:33:7 supplier cannot access influencer dashboard and is redirected to supplier" type="FAILURE">
<![CDATA[  [chromium] › e2e\dashboard\role-routing.spec.ts:33:7 › Role-based dashboard routing › supplier cannot access influencer dashboard and is redirected to supplier 

    TimeoutError: locator.click: Timeout 10000ms exceeded.
    Call log:
      - waiting for getByRole('button', { name: /sign in/i }).or(locator('button[type="submit"]').first())
        - locator resolved to <button type="submit" class="inline-flex items-center justify-center gap-2 whitespace-nowrap rounded-lg text-sm font-medium transition-all disabled:pointer-events-none disabled:opacity-50 outline-none bg-indigo-600 text-white shadow-sm hover:bg-indigo-700 focus-visible:ring-2 focus-visible:ring-indigo-500 focus-visible:ring-offset-2 h-9 px-4 py-2">Sign In</button>
      - attempting click action
        - waiting for element to be visible, enabled and stable
        - element is visible, enabled and stable
        - scrolling into view if needed
        - done scrolling
        - performing click action
        - click action done
        - waiting for scheduled navigations to finish


       at helpers\auth.ts:93

      91 |     .getByRole("button", { name: /sign in/i })
      92 |     .or(page.locator('button[type="submit"]').first())
    > 93 |     .click();
         |      ^
      94 |
      95 |   try {
      96 |     await expect(page).toHaveURL(/\/dashboard\/supplier(\/.*)?$/i, {
        at loginAsSupplier (C:\Users\Lenovo\Desktop\Workspce\vo-onelink-google\tests\helpers\auth.ts:93:6)
        at C:\Users\Lenovo\Desktop\Workspce\vo-onelink-google\tests\e2e\dashboard\role-routing.spec.ts:34:5

    attachment #1: video (video/webm) ──────────────────────────────────────────────────────────────
    ..\Dashboard Build\Reports\test-artifacts\e2e-dashboard-role-routing-0a41d-d-is-redirected-to-supplier-chromium\video.webm
    ────────────────────────────────────────────────────────────────────────────────────────────────

    attachment #2: trace (application/zip) ─────────────────────────────────────────────────────────
    ..\Dashboard Build\Reports\test-artifacts\e2e-dashboard-role-routing-0a41d-d-is-redirected-to-supplier-chromium\trace.zip
    Usage:

        pnpm exec playwright show-trace "..\Dashboard Build\Reports\test-artifacts\e2e-dashboard-role-routing-0a41d-d-is-redirected-to-supplier-chromium\trace.zip"

    ────────────────────────────────────────────────────────────────────────────────────────────────
]]>
</failure>
<system-out>
<![CDATA[
[[ATTACHMENT|test-artifacts\e2e-dashboard-role-routing-0a41d-d-is-redirected-to-supplier-chromium\video.webm]]

[[ATTACHMENT|test-artifacts\e2e-dashboard-role-routing-0a41d-d-is-redirected-to-supplier-chromium\trace.zip]]
]]>
</system-out>
</testcase>
</testsuite>
<testsuite name="e2e\dashboard\supplier-dashboard.spec.ts" timestamp="2025-10-06T10:08:35.602Z" hostname="chromium" tests="6" failures="5" skipped="0" time="218.529" errors="0">
<testcase name="Supplier Dashboard › overview page loads with stats cards" classname="e2e\dashboard\supplier-dashboard.spec.ts" time="27.302">
<failure message="supplier-dashboard.spec.ts:9:7 overview page loads with stats cards" type="FAILURE">
<![CDATA[  [chromium] › e2e\dashboard\supplier-dashboard.spec.ts:9:7 › Supplier Dashboard › overview page loads with stats cards 

    TimeoutError: page.waitForResponse: Timeout 10000ms exceeded while waiting for event "response"

      10 |     await expect(page).toHaveURL(/\/dashboard\/supplier$/);
      11 |     // Wait for dashboard data API to succeed to make the check robust
    > 12 |     const responsePromise = page.waitForResponse((resp) =>
         |                                  ^
      13 |       resp.url().includes("/api/dashboard/supplier") && resp.status() === 200
      14 |     );
      15 |     await page.reload();
        at C:\Users\Lenovo\Desktop\Workspce\vo-onelink-google\tests\e2e\dashboard\supplier-dashboard.spec.ts:12:34

    TimeoutError: page.waitForResponse: Timeout 10000ms exceeded while waiting for event "response"

      10 |     await expect(page).toHaveURL(/\/dashboard\/supplier$/);
      11 |     // Wait for dashboard data API to succeed to make the check robust
    > 12 |     const responsePromise = page.waitForResponse((resp) =>
         |                                  ^
      13 |       resp.url().includes("/api/dashboard/supplier") && resp.status() === 200
      14 |     );
      15 |     await page.reload();
        at C:\Users\Lenovo\Desktop\Workspce\vo-onelink-google\tests\e2e\dashboard\supplier-dashboard.spec.ts:12:34

    attachment #1: screenshot (image/png) ──────────────────────────────────────────────────────────
    ..\Dashboard Build\Reports\test-artifacts\e2e-dashboard-supplier-das-e0f25-page-loads-with-stats-cards-chromium\test-failed-1.png
    ────────────────────────────────────────────────────────────────────────────────────────────────

    attachment #2: video (video/webm) ──────────────────────────────────────────────────────────────
    ..\Dashboard Build\Reports\test-artifacts\e2e-dashboard-supplier-das-e0f25-page-loads-with-stats-cards-chromium\video.webm
    ────────────────────────────────────────────────────────────────────────────────────────────────

    Error Context: ..\Dashboard Build\Reports\test-artifacts\e2e-dashboard-supplier-das-e0f25-page-loads-with-stats-cards-chromium\error-context.md

    attachment #4: trace (application/zip) ─────────────────────────────────────────────────────────
    ..\Dashboard Build\Reports\test-artifacts\e2e-dashboard-supplier-das-e0f25-page-loads-with-stats-cards-chromium\trace.zip
    Usage:

        pnpm exec playwright show-trace "..\Dashboard Build\Reports\test-artifacts\e2e-dashboard-supplier-das-e0f25-page-loads-with-stats-cards-chromium\trace.zip"

    ────────────────────────────────────────────────────────────────────────────────────────────────
]]>
</failure>
<system-out>
<![CDATA[
[[ATTACHMENT|test-artifacts\e2e-dashboard-supplier-das-e0f25-page-loads-with-stats-cards-chromium\test-failed-1.png]]

[[ATTACHMENT|test-artifacts\e2e-dashboard-supplier-das-e0f25-page-loads-with-stats-cards-chromium\video.webm]]

[[ATTACHMENT|test-artifacts\e2e-dashboard-supplier-das-e0f25-page-loads-with-stats-cards-chromium\error-context.md]]

[[ATTACHMENT|test-artifacts\e2e-dashboard-supplier-das-e0f25-page-loads-with-stats-cards-chromium\trace.zip]]
]]>
</system-out>
<system-err>
<![CDATA[(node:17924) PromiseRejectionHandledWarning: Promise rejection was handled asynchronously (rejection id: 8)
(Use `node --trace-warnings ...` to show where the warning was created)
]]>
</system-err>
</testcase>
<testcase name="Supplier Dashboard › products page loads with table and Add Product" classname="e2e\dashboard\supplier-dashboard.spec.ts" time="42.424">
<failure message="supplier-dashboard.spec.ts:24:7 products page loads with table and Add Product" type="FAILURE">
<![CDATA[  [chromium] › e2e\dashboard\supplier-dashboard.spec.ts:24:7 › Supplier Dashboard › products page loads with table and Add Product 

    Error: expect(locator).toBeVisible() failed

    Locator:  locator('table')
    Expected: visible
    Received: <element(s) not found>
    Timeout:  5000ms

    Call log:
      - Expect "toBeVisible" with timeout 5000ms
      - waiting for locator('table')


      24 |   test("products page loads with table and Add Product", async ({ page }) => {
      25 |     await page.goto("/dashboard/supplier/products");
    > 26 |     await expect(page.locator("table")).toBeVisible();
         |                                         ^
      27 |     await expect(
      28 |       page.getByRole("button", { name: /add product/i })
      29 |     ).toBeVisible();
        at C:\Users\Lenovo\Desktop\Workspce\vo-onelink-google\tests\e2e\dashboard\supplier-dashboard.spec.ts:26:41

    attachment #1: screenshot (image/png) ──────────────────────────────────────────────────────────
    ..\Dashboard Build\Reports\test-artifacts\e2e-dashboard-supplier-das-ae963--with-table-and-Add-Product-chromium\test-failed-1.png
    ────────────────────────────────────────────────────────────────────────────────────────────────

    attachment #2: video (video/webm) ──────────────────────────────────────────────────────────────
    ..\Dashboard Build\Reports\test-artifacts\e2e-dashboard-supplier-das-ae963--with-table-and-Add-Product-chromium\video.webm
    ────────────────────────────────────────────────────────────────────────────────────────────────

    Error Context: ..\Dashboard Build\Reports\test-artifacts\e2e-dashboard-supplier-das-ae963--with-table-and-Add-Product-chromium\error-context.md

    attachment #4: trace (application/zip) ─────────────────────────────────────────────────────────
    ..\Dashboard Build\Reports\test-artifacts\e2e-dashboard-supplier-das-ae963--with-table-and-Add-Product-chromium\trace.zip
    Usage:

        pnpm exec playwright show-trace "..\Dashboard Build\Reports\test-artifacts\e2e-dashboard-supplier-das-ae963--with-table-and-Add-Product-chromium\trace.zip"

    ────────────────────────────────────────────────────────────────────────────────────────────────
]]>
</failure>
<system-out>
<![CDATA[
[[ATTACHMENT|test-artifacts\e2e-dashboard-supplier-das-ae963--with-table-and-Add-Product-chromium\test-failed-1.png]]

[[ATTACHMENT|test-artifacts\e2e-dashboard-supplier-das-ae963--with-table-and-Add-Product-chromium\video.webm]]

[[ATTACHMENT|test-artifacts\e2e-dashboard-supplier-das-ae963--with-table-and-Add-Product-chromium\error-context.md]]

[[ATTACHMENT|test-artifacts\e2e-dashboard-supplier-das-ae963--with-table-and-Add-Product-chromium\trace.zip]]
]]>
</system-out>
</testcase>
<testcase name="Supplier Dashboard › orders page loads" classname="e2e\dashboard\supplier-dashboard.spec.ts" time="52.698">
<failure message="supplier-dashboard.spec.ts:32:7 orders page loads" type="FAILURE">
<![CDATA[  [chromium] › e2e\dashboard\supplier-dashboard.spec.ts:32:7 › Supplier Dashboard › orders page loads 

    Test timeout of 45000ms exceeded.

    Error: page.goto: Test timeout of 45000ms exceeded.
    Call log:
      - navigating to "http://127.0.0.1:3001/dashboard/supplier/orders", waiting until "load"


      31 |
      32 |   test("orders page loads", async ({ page }) => {
    > 33 |     const resp = await page.goto("/dashboard/supplier/orders");
         |                             ^
      34 |     // As per handover notes, orders index is not implemented yet and should 404
      35 |     expect(resp).not.toBeNull();
      36 |     expect(resp!.status()).toBe(404);
        at C:\Users\Lenovo\Desktop\Workspce\vo-onelink-google\tests\e2e\dashboard\supplier-dashboard.spec.ts:33:29

    attachment #1: video (video/webm) ──────────────────────────────────────────────────────────────
    ..\Dashboard Build\Reports\test-artifacts\e2e-dashboard-supplier-das-ef02a-Dashboard-orders-page-loads-chromium\video.webm
    ────────────────────────────────────────────────────────────────────────────────────────────────

    Error Context: ..\Dashboard Build\Reports\test-artifacts\e2e-dashboard-supplier-das-ef02a-Dashboard-orders-page-loads-chromium\error-context.md

    attachment #3: trace (application/zip) ─────────────────────────────────────────────────────────
    ..\Dashboard Build\Reports\test-artifacts\e2e-dashboard-supplier-das-ef02a-Dashboard-orders-page-loads-chromium\trace.zip
    Usage:

        pnpm exec playwright show-trace "..\Dashboard Build\Reports\test-artifacts\e2e-dashboard-supplier-das-ef02a-Dashboard-orders-page-loads-chromium\trace.zip"

    ────────────────────────────────────────────────────────────────────────────────────────────────
]]>
</failure>
<system-out>
<![CDATA[
[[ATTACHMENT|test-artifacts\e2e-dashboard-supplier-das-ef02a-Dashboard-orders-page-loads-chromium\video.webm]]

[[ATTACHMENT|test-artifacts\e2e-dashboard-supplier-das-ef02a-Dashboard-orders-page-loads-chromium\error-context.md]]

[[ATTACHMENT|test-artifacts\e2e-dashboard-supplier-das-ef02a-Dashboard-orders-page-loads-chromium\trace.zip]]
]]>
</system-out>
</testcase>
<testcase name="Supplier Dashboard › analytics page loads" classname="e2e\dashboard\supplier-dashboard.spec.ts" time="34.838">
<failure message="supplier-dashboard.spec.ts:39:7 analytics page loads" type="FAILURE">
<![CDATA[  [chromium] › e2e\dashboard\supplier-dashboard.spec.ts:39:7 › Supplier Dashboard › analytics page loads 

    TimeoutError: locator.click: Timeout 10000ms exceeded.
    Call log:
      - waiting for getByRole('button', { name: /sign in/i }).or(locator('button[type="submit"]').first())
        - locator resolved to <button type="submit" class="inline-flex items-center justify-center gap-2 whitespace-nowrap rounded-lg text-sm font-medium transition-all disabled:pointer-events-none disabled:opacity-50 outline-none bg-indigo-600 text-white shadow-sm hover:bg-indigo-700 focus-visible:ring-2 focus-visible:ring-indigo-500 focus-visible:ring-offset-2 h-9 px-4 py-2">Sign In</button>
      - attempting click action
        - waiting for element to be visible, enabled and stable
        - element is visible, enabled and stable
        - scrolling into view if needed
        - done scrolling
        - performing click action
        - click action done
        - waiting for scheduled navigations to finish


       at helpers\auth.ts:93

      91 |     .getByRole("button", { name: /sign in/i })
      92 |     .or(page.locator('button[type="submit"]').first())
    > 93 |     .click();
         |      ^
      94 |
      95 |   try {
      96 |     await expect(page).toHaveURL(/\/dashboard\/supplier(\/.*)?$/i, {
        at loginAsSupplier (C:\Users\Lenovo\Desktop\Workspce\vo-onelink-google\tests\helpers\auth.ts:93:6)
        at C:\Users\Lenovo\Desktop\Workspce\vo-onelink-google\tests\e2e\dashboard\supplier-dashboard.spec.ts:6:5

    attachment #1: screenshot (image/png) ──────────────────────────────────────────────────────────
    ..\Dashboard Build\Reports\test-artifacts\e2e-dashboard-supplier-das-a2ce8-hboard-analytics-page-loads-chromium\test-failed-1.png
    ────────────────────────────────────────────────────────────────────────────────────────────────

    attachment #2: video (video/webm) ──────────────────────────────────────────────────────────────
    ..\Dashboard Build\Reports\test-artifacts\e2e-dashboard-supplier-das-a2ce8-hboard-analytics-page-loads-chromium\video.webm
    ────────────────────────────────────────────────────────────────────────────────────────────────

    Error Context: ..\Dashboard Build\Reports\test-artifacts\e2e-dashboard-supplier-das-a2ce8-hboard-analytics-page-loads-chromium\error-context.md

    attachment #4: trace (application/zip) ─────────────────────────────────────────────────────────
    ..\Dashboard Build\Reports\test-artifacts\e2e-dashboard-supplier-das-a2ce8-hboard-analytics-page-loads-chromium\trace.zip
    Usage:

        pnpm exec playwright show-trace "..\Dashboard Build\Reports\test-artifacts\e2e-dashboard-supplier-das-a2ce8-hboard-analytics-page-loads-chromium\trace.zip"

    ────────────────────────────────────────────────────────────────────────────────────────────────
]]>
</failure>
<system-out>
<![CDATA[
[[ATTACHMENT|test-artifacts\e2e-dashboard-supplier-das-a2ce8-hboard-analytics-page-loads-chromium\test-failed-1.png]]

[[ATTACHMENT|test-artifacts\e2e-dashboard-supplier-das-a2ce8-hboard-analytics-page-loads-chromium\video.webm]]

[[ATTACHMENT|test-artifacts\e2e-dashboard-supplier-das-a2ce8-hboard-analytics-page-loads-chromium\error-context.md]]

[[ATTACHMENT|test-artifacts\e2e-dashboard-supplier-das-a2ce8-hboard-analytics-page-loads-chromium\trace.zip]]
]]>
</system-out>
</testcase>
<testcase name="Supplier Dashboard › commissions page loads" classname="e2e\dashboard\supplier-dashboard.spec.ts" time="51.198">
<failure message="supplier-dashboard.spec.ts:46:7 commissions page loads" type="FAILURE">
<![CDATA[  [chromium] › e2e\dashboard\supplier-dashboard.spec.ts:46:7 › Supplier Dashboard › commissions page loads 

    Test timeout of 45000ms exceeded.

    attachment #1: screenshot (image/png) ──────────────────────────────────────────────────────────
    ..\Dashboard Build\Reports\test-artifacts\e2e-dashboard-supplier-das-ce35f-oard-commissions-page-loads-chromium\test-failed-1.png
    ────────────────────────────────────────────────────────────────────────────────────────────────

    attachment #2: video (video/webm) ──────────────────────────────────────────────────────────────
    ..\Dashboard Build\Reports\test-artifacts\e2e-dashboard-supplier-das-ce35f-oard-commissions-page-loads-chromium\video.webm
    ────────────────────────────────────────────────────────────────────────────────────────────────

    Error Context: ..\Dashboard Build\Reports\test-artifacts\e2e-dashboard-supplier-das-ce35f-oard-commissions-page-loads-chromium\error-context.md

    attachment #4: trace (application/zip) ─────────────────────────────────────────────────────────
    ..\Dashboard Build\Reports\test-artifacts\e2e-dashboard-supplier-das-ce35f-oard-commissions-page-loads-chromium\trace.zip
    Usage:

        pnpm exec playwright show-trace "..\Dashboard Build\Reports\test-artifacts\e2e-dashboard-supplier-das-ce35f-oard-commissions-page-loads-chromium\trace.zip"

    ────────────────────────────────────────────────────────────────────────────────────────────────
]]>
</failure>
<system-out>
<![CDATA[
[[ATTACHMENT|test-artifacts\e2e-dashboard-supplier-das-ce35f-oard-commissions-page-loads-chromium\test-failed-1.png]]

[[ATTACHMENT|test-artifacts\e2e-dashboard-supplier-das-ce35f-oard-commissions-page-loads-chromium\video.webm]]

[[ATTACHMENT|test-artifacts\e2e-dashboard-supplier-das-ce35f-oard-commissions-page-loads-chromium\error-context.md]]

[[ATTACHMENT|test-artifacts\e2e-dashboard-supplier-das-ce35f-oard-commissions-page-loads-chromium\trace.zip]]
]]>
</system-out>
</testcase>
<testcase name="Supplier Dashboard › settings page loads" classname="e2e\dashboard\supplier-dashboard.spec.ts" time="10.069">
</testcase>
</testsuite>
<testsuite name="e2e\image-gallery\product-card-navigation.spec.ts" timestamp="2025-10-06T10:08:35.602Z" hostname="chromium" tests="2" failures="2" skipped="0" time="46.954" errors="0">
<testcase name="Product Card Image Gallery › hover and navigate images on main shop" classname="e2e\image-gallery\product-card-navigation.spec.ts" time="14.707">
<failure message="product-card-navigation.spec.ts:4:7 hover and navigate images on main shop" type="FAILURE">
<![CDATA[  [chromium] › e2e\image-gallery\product-card-navigation.spec.ts:4:7 › Product Card Image Gallery › hover and navigate images on main shop 

    Error: expect(locator).toBeVisible() failed

    Locator:  locator('[data-testid="product-card"]').first()
    Expected: visible
    Received: <element(s) not found>
    Timeout:  5000ms

    Call log:
      - Expect "toBeVisible" with timeout 5000ms
      - waiting for locator('[data-testid="product-card"]').first()


       5 |     await page.goto("/");
       6 |     const card = page.locator('[data-testid="product-card"]').first();
    >  7 |     await expect(card).toBeVisible();
         |                        ^
       8 |
       9 |     await card.hover();
      10 |     const next = card.getByRole("button", { name: /next|›|right/i }).first();
        at C:\Users\Lenovo\Desktop\Workspce\vo-onelink-google\tests\e2e\image-gallery\product-card-navigation.spec.ts:7:24

    attachment #1: screenshot (image/png) ──────────────────────────────────────────────────────────
    ..\Dashboard Build\Reports\test-artifacts\e2e-image-gallery-product--04a72-avigate-images-on-main-shop-chromium\test-failed-1.png
    ────────────────────────────────────────────────────────────────────────────────────────────────

    attachment #2: video (video/webm) ──────────────────────────────────────────────────────────────
    ..\Dashboard Build\Reports\test-artifacts\e2e-image-gallery-product--04a72-avigate-images-on-main-shop-chromium\video.webm
    ────────────────────────────────────────────────────────────────────────────────────────────────

    Error Context: ..\Dashboard Build\Reports\test-artifacts\e2e-image-gallery-product--04a72-avigate-images-on-main-shop-chromium\error-context.md

    attachment #4: trace (application/zip) ─────────────────────────────────────────────────────────
    ..\Dashboard Build\Reports\test-artifacts\e2e-image-gallery-product--04a72-avigate-images-on-main-shop-chromium\trace.zip
    Usage:

        pnpm exec playwright show-trace "..\Dashboard Build\Reports\test-artifacts\e2e-image-gallery-product--04a72-avigate-images-on-main-shop-chromium\trace.zip"

    ────────────────────────────────────────────────────────────────────────────────────────────────
]]>
</failure>
<system-out>
<![CDATA[
[[ATTACHMENT|test-artifacts\e2e-image-gallery-product--04a72-avigate-images-on-main-shop-chromium\test-failed-1.png]]

[[ATTACHMENT|test-artifacts\e2e-image-gallery-product--04a72-avigate-images-on-main-shop-chromium\video.webm]]

[[ATTACHMENT|test-artifacts\e2e-image-gallery-product--04a72-avigate-images-on-main-shop-chromium\error-context.md]]

[[ATTACHMENT|test-artifacts\e2e-image-gallery-product--04a72-avigate-images-on-main-shop-chromium\trace.zip]]
]]>
</system-out>
</testcase>
<testcase name="Product Card Image Gallery › quick view modal opens and shows thumbnails" classname="e2e\image-gallery\product-card-navigation.spec.ts" time="32.247">
<failure message="product-card-navigation.spec.ts:52:7 quick view modal opens and shows thumbnails" type="FAILURE">
<![CDATA[  [chromium] › e2e\image-gallery\product-card-navigation.spec.ts:52:7 › Product Card Image Gallery › quick view modal opens and shows thumbnails 

    Error: expect(locator).toBeVisible() failed

    Locator:  locator('[data-testid="product-card"] img').first()
    Expected: visible
    Received: <element(s) not found>
    Timeout:  5000ms

    Call log:
      - Expect "toBeVisible" with timeout 5000ms
      - waiting for locator('[data-testid="product-card"] img').first()


      53 |     await page.goto("/");
      54 |     const cardImage = page.locator('[data-testid="product-card"] img').first();
    > 55 |     await expect(cardImage).toBeVisible();
         |                             ^
      56 |     await cardImage.click();
      57 |
      58 |     const modal = page.locator('[role="dialog"], [data-testid="quick-view"]');
        at C:\Users\Lenovo\Desktop\Workspce\vo-onelink-google\tests\e2e\image-gallery\product-card-navigation.spec.ts:55:29

    attachment #1: screenshot (image/png) ──────────────────────────────────────────────────────────
    ..\Dashboard Build\Reports\test-artifacts\e2e-image-gallery-product--cce1e--opens-and-shows-thumbnails-chromium\test-failed-1.png
    ────────────────────────────────────────────────────────────────────────────────────────────────

    attachment #2: video (video/webm) ──────────────────────────────────────────────────────────────
    ..\Dashboard Build\Reports\test-artifacts\e2e-image-gallery-product--cce1e--opens-and-shows-thumbnails-chromium\video.webm
    ────────────────────────────────────────────────────────────────────────────────────────────────

    Error Context: ..\Dashboard Build\Reports\test-artifacts\e2e-image-gallery-product--cce1e--opens-and-shows-thumbnails-chromium\error-context.md

    attachment #4: trace (application/zip) ─────────────────────────────────────────────────────────
    ..\Dashboard Build\Reports\test-artifacts\e2e-image-gallery-product--cce1e--opens-and-shows-thumbnails-chromium\trace.zip
    Usage:

        pnpm exec playwright show-trace "..\Dashboard Build\Reports\test-artifacts\e2e-image-gallery-product--cce1e--opens-and-shows-thumbnails-chromium\trace.zip"

    ────────────────────────────────────────────────────────────────────────────────────────────────
]]>
</failure>
<system-out>
<![CDATA[
[[ATTACHMENT|test-artifacts\e2e-image-gallery-product--cce1e--opens-and-shows-thumbnails-chromium\test-failed-1.png]]

[[ATTACHMENT|test-artifacts\e2e-image-gallery-product--cce1e--opens-and-shows-thumbnails-chromium\video.webm]]

[[ATTACHMENT|test-artifacts\e2e-image-gallery-product--cce1e--opens-and-shows-thumbnails-chromium\error-context.md]]

[[ATTACHMENT|test-artifacts\e2e-image-gallery-product--cce1e--opens-and-shows-thumbnails-chromium\trace.zip]]
]]>
</system-out>
</testcase>
</testsuite>
<testsuite name="e2e\influencer-shop-page.spec.ts" timestamp="2025-10-06T10:08:35.602Z" hostname="chromium" tests="1" failures="1" skipped="0" time="32.431" errors="0">
<testcase name="Influencer shop page › renders products and images for /shop/[handle]" classname="e2e\influencer-shop-page.spec.ts" time="32.431">
<failure message="influencer-shop-page.spec.ts:9:7 renders products and images for /shop/[handle]" type="FAILURE">
<![CDATA[  [chromium] › e2e\influencer-shop-page.spec.ts:9:7 › Influencer shop page › renders products and images for /shop/[handle] 

    Error: expect(locator).toBeVisible() failed

    Locator:  getByTestId('product-card').first()
    Expected: visible
    Received: <element(s) not found>
    Timeout:  5000ms

    Call log:
      - Expect "toBeVisible" with timeout 5000ms
      - waiting for getByTestId('product-card').first()


      18 |
      19 |     const card = page.getByTestId('product-card').first()
    > 20 |     await expect(card).toBeVisible()
         |                        ^
      21 |
      22 |     const img = card.locator('img[alt]')
      23 |     await expect(img.first()).toBeVisible()
        at C:\Users\Lenovo\Desktop\Workspce\vo-onelink-google\tests\e2e\influencer-shop-page.spec.ts:20:24

    attachment #1: screenshot (image/png) ──────────────────────────────────────────────────────────
    ..\Dashboard Build\Reports\test-artifacts\e2e-influencer-shop-page-I-481e1-and-images-for-shop-handle--chromium\test-failed-1.png
    ────────────────────────────────────────────────────────────────────────────────────────────────

    attachment #2: video (video/webm) ──────────────────────────────────────────────────────────────
    ..\Dashboard Build\Reports\test-artifacts\e2e-influencer-shop-page-I-481e1-and-images-for-shop-handle--chromium\video.webm
    ────────────────────────────────────────────────────────────────────────────────────────────────

    Error Context: ..\Dashboard Build\Reports\test-artifacts\e2e-influencer-shop-page-I-481e1-and-images-for-shop-handle--chromium\error-context.md

    attachment #4: trace (application/zip) ─────────────────────────────────────────────────────────
    ..\Dashboard Build\Reports\test-artifacts\e2e-influencer-shop-page-I-481e1-and-images-for-shop-handle--chromium\trace.zip
    Usage:

        pnpm exec playwright show-trace "..\Dashboard Build\Reports\test-artifacts\e2e-influencer-shop-page-I-481e1-and-images-for-shop-handle--chromium\trace.zip"

    ────────────────────────────────────────────────────────────────────────────────────────────────
]]>
</failure>
<system-out>
<![CDATA[
[[ATTACHMENT|test-artifacts\e2e-influencer-shop-page-I-481e1-and-images-for-shop-handle--chromium\test-failed-1.png]]

[[ATTACHMENT|test-artifacts\e2e-influencer-shop-page-I-481e1-and-images-for-shop-handle--chromium\video.webm]]

[[ATTACHMENT|test-artifacts\e2e-influencer-shop-page-I-481e1-and-images-for-shop-handle--chromium\error-context.md]]

[[ATTACHMENT|test-artifacts\e2e-influencer-shop-page-I-481e1-and-images-for-shop-handle--chromium\trace.zip]]
]]>
</system-out>
</testcase>
</testsuite>
<testsuite name="e2e\middleware\auth-middleware.spec.ts" timestamp="2025-10-06T10:08:35.602Z" hostname="chromium" tests="2" failures="2" skipped="0" time="88.299" errors="0">
<testcase name="Middleware Authentication &amp; Authorization › unauthenticated user redirected from protected dashboards" classname="e2e\middleware\auth-middleware.spec.ts" time="46.916">
<failure message="auth-middleware.spec.ts:4:7 unauthenticated user redirected from protected dashboards" type="FAILURE">
<![CDATA[  [chromium] › e2e\middleware\auth-middleware.spec.ts:4:7 › Middleware Authentication & Authorization › unauthenticated user redirected from protected dashboards 

    Test timeout of 45000ms exceeded.

    attachment #1: screenshot (image/png) ──────────────────────────────────────────────────────────
    ..\Dashboard Build\Reports\test-artifacts\e2e-middleware-auth-middle-3a036-d-from-protected-dashboards-chromium\test-failed-1.png
    ────────────────────────────────────────────────────────────────────────────────────────────────

    attachment #2: video (video/webm) ──────────────────────────────────────────────────────────────
    ..\Dashboard Build\Reports\test-artifacts\e2e-middleware-auth-middle-3a036-d-from-protected-dashboards-chromium\video.webm
    ────────────────────────────────────────────────────────────────────────────────────────────────

    Error Context: ..\Dashboard Build\Reports\test-artifacts\e2e-middleware-auth-middle-3a036-d-from-protected-dashboards-chromium\error-context.md

    attachment #4: trace (application/zip) ─────────────────────────────────────────────────────────
    ..\Dashboard Build\Reports\test-artifacts\e2e-middleware-auth-middle-3a036-d-from-protected-dashboards-chromium\trace.zip
    Usage:

        pnpm exec playwright show-trace "..\Dashboard Build\Reports\test-artifacts\e2e-middleware-auth-middle-3a036-d-from-protected-dashboards-chromium\trace.zip"

    ────────────────────────────────────────────────────────────────────────────────────────────────
]]>
</failure>
<system-out>
<![CDATA[
[[ATTACHMENT|test-artifacts\e2e-middleware-auth-middle-3a036-d-from-protected-dashboards-chromium\test-failed-1.png]]

[[ATTACHMENT|test-artifacts\e2e-middleware-auth-middle-3a036-d-from-protected-dashboards-chromium\video.webm]]

[[ATTACHMENT|test-artifacts\e2e-middleware-auth-middle-3a036-d-from-protected-dashboards-chromium\error-context.md]]

[[ATTACHMENT|test-artifacts\e2e-middleware-auth-middle-3a036-d-from-protected-dashboards-chromium\trace.zip]]
]]>
</system-out>
</testcase>
<testcase name="Middleware Authentication &amp; Authorization › session cookie present after login page navigation (smoke)" classname="e2e\middleware\auth-middleware.spec.ts" time="41.383">
<failure message="auth-middleware.spec.ts:26:7 session cookie present after login page navigation (smoke)" type="FAILURE">
<![CDATA[  [chromium] › e2e\middleware\auth-middleware.spec.ts:26:7 › Middleware Authentication & Authorization › session cookie present after login page navigation (smoke) 

    Error: expect(page).toHaveTitle(expected) failed

    Expected pattern: /sign in|login/i
    Received string:  "One-Link - Influencer Commerce Platform"
    Timeout: 30000ms

    Call log:
      - Expect "toHaveTitle" with timeout 30000ms
        33 × unexpected value "One-Link - Influencer Commerce Platform"


      26 |   test("session cookie present after login page navigation (smoke)", async ({ page }) => {
      27 |     await page.goto("/sign-in");
    > 28 |     await expect(page).toHaveTitle(/sign in|login/i, { timeout: 30000 });
         |                        ^
      29 |     const cookies = await page.context().cookies();
      30 |     expect(Array.isArray(cookies)).toBeTruthy();
      31 |   });
        at C:\Users\Lenovo\Desktop\Workspce\vo-onelink-google\tests\e2e\middleware\auth-middleware.spec.ts:28:24

    attachment #1: screenshot (image/png) ──────────────────────────────────────────────────────────
    ..\Dashboard Build\Reports\test-artifacts\e2e-middleware-auth-middle-8aaa1-ogin-page-navigation-smoke--chromium\test-failed-1.png
    ────────────────────────────────────────────────────────────────────────────────────────────────

    attachment #2: video (video/webm) ──────────────────────────────────────────────────────────────
    ..\Dashboard Build\Reports\test-artifacts\e2e-middleware-auth-middle-8aaa1-ogin-page-navigation-smoke--chromium\video.webm
    ────────────────────────────────────────────────────────────────────────────────────────────────

    Error Context: ..\Dashboard Build\Reports\test-artifacts\e2e-middleware-auth-middle-8aaa1-ogin-page-navigation-smoke--chromium\error-context.md

    attachment #4: trace (application/zip) ─────────────────────────────────────────────────────────
    ..\Dashboard Build\Reports\test-artifacts\e2e-middleware-auth-middle-8aaa1-ogin-page-navigation-smoke--chromium\trace.zip
    Usage:

        pnpm exec playwright show-trace "..\Dashboard Build\Reports\test-artifacts\e2e-middleware-auth-middle-8aaa1-ogin-page-navigation-smoke--chromium\trace.zip"

    ────────────────────────────────────────────────────────────────────────────────────────────────
]]>
</failure>
<system-out>
<![CDATA[
[[ATTACHMENT|test-artifacts\e2e-middleware-auth-middle-8aaa1-ogin-page-navigation-smoke--chromium\test-failed-1.png]]

[[ATTACHMENT|test-artifacts\e2e-middleware-auth-middle-8aaa1-ogin-page-navigation-smoke--chromium\video.webm]]

[[ATTACHMENT|test-artifacts\e2e-middleware-auth-middle-8aaa1-ogin-page-navigation-smoke--chromium\error-context.md]]

[[ATTACHMENT|test-artifacts\e2e-middleware-auth-middle-8aaa1-ogin-page-navigation-smoke--chromium\trace.zip]]
]]>
</system-out>
</testcase>
</testsuite>
<testsuite name="e2e\oauth-admin.spec.ts" timestamp="2025-10-06T10:08:35.602Z" hostname="chromium" tests="1" failures="1" skipped="0" time="45.005" errors="0">
<testcase name="Admin OAuth (GitHub) flow › github sign-in reaches callback and grants admin access (manual provider)" classname="e2e\oauth-admin.spec.ts" time="45.005">
<failure message="oauth-admin.spec.ts:4:7 github sign-in reaches callback and grants admin access (manual provider)" type="FAILURE">
<![CDATA[  [chromium] › e2e\oauth-admin.spec.ts:4:7 › Admin OAuth (GitHub) flow › github sign-in reaches callback and grants admin access (manual provider) 

    TimeoutError: page.waitForURL: Timeout 30000ms exceeded.
    =========================== logs ===========================
    waiting for navigation until "load"
    ============================================================

      12 |     // To keep this test non-flaky in CI without real GitHub creds, we only assert the callback handoff if provider is mocked.
      13 |     // Match only exact callback or admin dashboard paths on the current origin
    > 14 |     await page.waitForURL(/^https?:\/\/[^/]+\/(api\/auth\/callback|admin\/dashboard)(?:[\/?#]|$)/, {
         |                ^
      15 |       timeout: 30000,
      16 |     });
      17 |
        at C:\Users\Lenovo\Desktop\Workspce\vo-onelink-google\tests\e2e\oauth-admin.spec.ts:14:16

    attachment #1: screenshot (image/png) ──────────────────────────────────────────────────────────
    ..\Dashboard Build\Reports\test-artifacts\e2e-oauth-admin-Admin-OAut-f4428-min-access-manual-provider--chromium\test-failed-1.png
    ────────────────────────────────────────────────────────────────────────────────────────────────

    attachment #2: video (video/webm) ──────────────────────────────────────────────────────────────
    ..\Dashboard Build\Reports\test-artifacts\e2e-oauth-admin-Admin-OAut-f4428-min-access-manual-provider--chromium\video.webm
    ────────────────────────────────────────────────────────────────────────────────────────────────

    Error Context: ..\Dashboard Build\Reports\test-artifacts\e2e-oauth-admin-Admin-OAut-f4428-min-access-manual-provider--chromium\error-context.md

    attachment #4: trace (application/zip) ─────────────────────────────────────────────────────────
    ..\Dashboard Build\Reports\test-artifacts\e2e-oauth-admin-Admin-OAut-f4428-min-access-manual-provider--chromium\trace.zip
    Usage:

        pnpm exec playwright show-trace "..\Dashboard Build\Reports\test-artifacts\e2e-oauth-admin-Admin-OAut-f4428-min-access-manual-provider--chromium\trace.zip"

    ────────────────────────────────────────────────────────────────────────────────────────────────
]]>
</failure>
<system-out>
<![CDATA[
[[ATTACHMENT|test-artifacts\e2e-oauth-admin-Admin-OAut-f4428-min-access-manual-provider--chromium\test-failed-1.png]]

[[ATTACHMENT|test-artifacts\e2e-oauth-admin-Admin-OAut-f4428-min-access-manual-provider--chromium\video.webm]]

[[ATTACHMENT|test-artifacts\e2e-oauth-admin-Admin-OAut-f4428-min-access-manual-provider--chromium\error-context.md]]

[[ATTACHMENT|test-artifacts\e2e-oauth-admin-Admin-OAut-f4428-min-access-manual-provider--chromium\trace.zip]]
]]>
</system-out>
</testcase>
</testsuite>
<testsuite name="e2e\oauth-signup.spec.ts" timestamp="2025-10-06T10:08:35.602Z" hostname="chromium" tests="2" failures="1" skipped="0" time="63.962" errors="0">
<testcase name="OAuth buttons on Sign Up › GitHub button exists and triggers navigation" classname="e2e\oauth-signup.spec.ts" time="13.656">
</testcase>
<testcase name="OAuth buttons on Sign Up › Kakao button exists and triggers navigation" classname="e2e\oauth-signup.spec.ts" time="50.306">
<failure message="oauth-signup.spec.ts:15:7 Kakao button exists and triggers navigation" type="FAILURE">
<![CDATA[  [chromium] › e2e\oauth-signup.spec.ts:15:7 › OAuth buttons on Sign Up › Kakao button exists and triggers navigation 

    Test timeout of 45000ms exceeded.

    attachment #1: screenshot (image/png) ──────────────────────────────────────────────────────────
    ..\Dashboard Build\Reports\test-artifacts\e2e-oauth-signup-OAuth-but-82143-sts-and-triggers-navigation-chromium\test-failed-1.png
    ────────────────────────────────────────────────────────────────────────────────────────────────

    attachment #2: video (video/webm) ──────────────────────────────────────────────────────────────
    ..\Dashboard Build\Reports\test-artifacts\e2e-oauth-signup-OAuth-but-82143-sts-and-triggers-navigation-chromium\video.webm
    ────────────────────────────────────────────────────────────────────────────────────────────────

    Error Context: ..\Dashboard Build\Reports\test-artifacts\e2e-oauth-signup-OAuth-but-82143-sts-and-triggers-navigation-chromium\error-context.md

    attachment #4: trace (application/zip) ─────────────────────────────────────────────────────────
    ..\Dashboard Build\Reports\test-artifacts\e2e-oauth-signup-OAuth-but-82143-sts-and-triggers-navigation-chromium\trace.zip
    Usage:

        pnpm exec playwright show-trace "..\Dashboard Build\Reports\test-artifacts\e2e-oauth-signup-OAuth-but-82143-sts-and-triggers-navigation-chromium\trace.zip"

    ────────────────────────────────────────────────────────────────────────────────────────────────
]]>
</failure>
<system-out>
<![CDATA[
[[ATTACHMENT|test-artifacts\e2e-oauth-signup-OAuth-but-82143-sts-and-triggers-navigation-chromium\test-failed-1.png]]

[[ATTACHMENT|test-artifacts\e2e-oauth-signup-OAuth-but-82143-sts-and-triggers-navigation-chromium\video.webm]]

[[ATTACHMENT|test-artifacts\e2e-oauth-signup-OAuth-but-82143-sts-and-triggers-navigation-chromium\error-context.md]]

[[ATTACHMENT|test-artifacts\e2e-oauth-signup-OAuth-but-82143-sts-and-triggers-navigation-chromium\trace.zip]]
]]>
</system-out>
</testcase>
</testsuite>
<testsuite name="e2e\onboarding\submit-and-redirect.spec.ts" timestamp="2025-10-06T10:08:35.602Z" hostname="chromium" tests="3" failures="3" skipped="0" time="140.724" errors="0">
<testcase name="Onboarding Submit &amp; Dashboard Redirect › influencer onboarding completes and redirects correctly" classname="e2e\onboarding\submit-and-redirect.spec.ts" time="45.995">
<failure message="submit-and-redirect.spec.ts:9:7 influencer onboarding completes and redirects correctly" type="FAILURE">
<![CDATA[  [chromium] › e2e\onboarding\submit-and-redirect.spec.ts:9:7 › Onboarding Submit & Dashboard Redirect › influencer onboarding completes and redirects correctly 

    Test timeout of 45000ms exceeded.

    Error: locator.waitFor: Test timeout of 45000ms exceeded.
    Call log:
      - waiting for getByText(/Account created successfully|Welcome to One-Link/i) to be visible


      32 |     await Promise.race([
      33 |       expect(page).toHaveURL(/\/auth\/onboarding\?role=influencer/, { timeout: 30000 }),
    > 34 |       toast.waitFor({ state: "visible", timeout: 30000 }),
         |             ^
      35 |       page.locator('h1:text-is("Welcome to One-Link")').waitFor({ state: "visible", timeout: 30000 }),
      36 |     ]);
      37 |     // Final fallback: poll URL for onboarding, then force navigate if needed
        at C:\Users\Lenovo\Desktop\Workspce\vo-onelink-google\tests\e2e\onboarding\submit-and-redirect.spec.ts:34:13

    attachment #1: screenshot (image/png) ──────────────────────────────────────────────────────────
    ..\Dashboard Build\Reports\test-artifacts\e2e-onboarding-submit-and--fa27a-tes-and-redirects-correctly-chromium\test-failed-1.png
    ────────────────────────────────────────────────────────────────────────────────────────────────

    attachment #2: video (video/webm) ──────────────────────────────────────────────────────────────
    ..\Dashboard Build\Reports\test-artifacts\e2e-onboarding-submit-and--fa27a-tes-and-redirects-correctly-chromium\video.webm
    ────────────────────────────────────────────────────────────────────────────────────────────────

    Error Context: ..\Dashboard Build\Reports\test-artifacts\e2e-onboarding-submit-and--fa27a-tes-and-redirects-correctly-chromium\error-context.md

    attachment #4: trace (application/zip) ─────────────────────────────────────────────────────────
    ..\Dashboard Build\Reports\test-artifacts\e2e-onboarding-submit-and--fa27a-tes-and-redirects-correctly-chromium\trace.zip
    Usage:

        pnpm exec playwright show-trace "..\Dashboard Build\Reports\test-artifacts\e2e-onboarding-submit-and--fa27a-tes-and-redirects-correctly-chromium\trace.zip"

    ────────────────────────────────────────────────────────────────────────────────────────────────
]]>
</failure>
<system-out>
<![CDATA[
[[ATTACHMENT|test-artifacts\e2e-onboarding-submit-and--fa27a-tes-and-redirects-correctly-chromium\test-failed-1.png]]

[[ATTACHMENT|test-artifacts\e2e-onboarding-submit-and--fa27a-tes-and-redirects-correctly-chromium\video.webm]]

[[ATTACHMENT|test-artifacts\e2e-onboarding-submit-and--fa27a-tes-and-redirects-correctly-chromium\error-context.md]]

[[ATTACHMENT|test-artifacts\e2e-onboarding-submit-and--fa27a-tes-and-redirects-correctly-chromium\trace.zip]]
]]>
</system-out>
</testcase>
<testcase name="Onboarding Submit &amp; Dashboard Redirect › brand/supplier onboarding completes and redirects correctly" classname="e2e\onboarding\submit-and-redirect.spec.ts" time="49.26">
<failure message="submit-and-redirect.spec.ts:94:7 brand/supplier onboarding completes and redirects correctly" type="FAILURE">
<![CDATA[  [chromium] › e2e\onboarding\submit-and-redirect.spec.ts:94:7 › Onboarding Submit & Dashboard Redirect › brand/supplier onboarding completes and redirects correctly 

    Test timeout of 45000ms exceeded.

    Error: page.waitForResponse: Test timeout of 45000ms exceeded.

      107 |
      108 |     // Wait for onboarding with brand role
    > 109 |     await page.waitForResponse((resp) => resp.url().includes("/api/auth/sign-up") && resp.ok(), { timeout: 30000 });
          |                ^
      110 |     await Promise.race([
      111 |       expect(page).toHaveURL(/\/auth\/onboarding\?role=brand/, { timeout: 30000 }),
      112 |       page.getByText(/Account created successfully|Welcome to One-Link/i).waitFor({ state: "visible", timeout: 30000 }),
        at C:\Users\Lenovo\Desktop\Workspce\vo-onelink-google\tests\e2e\onboarding\submit-and-redirect.spec.ts:109:16

    attachment #1: screenshot (image/png) ──────────────────────────────────────────────────────────
    ..\Dashboard Build\Reports\test-artifacts\e2e-onboarding-submit-and--bebb4-tes-and-redirects-correctly-chromium\test-failed-1.png
    ────────────────────────────────────────────────────────────────────────────────────────────────

    attachment #2: video (video/webm) ──────────────────────────────────────────────────────────────
    ..\Dashboard Build\Reports\test-artifacts\e2e-onboarding-submit-and--bebb4-tes-and-redirects-correctly-chromium\video.webm
    ────────────────────────────────────────────────────────────────────────────────────────────────

    Error Context: ..\Dashboard Build\Reports\test-artifacts\e2e-onboarding-submit-and--bebb4-tes-and-redirects-correctly-chromium\error-context.md

    attachment #4: trace (application/zip) ─────────────────────────────────────────────────────────
    ..\Dashboard Build\Reports\test-artifacts\e2e-onboarding-submit-and--bebb4-tes-and-redirects-correctly-chromium\trace.zip
    Usage:

        pnpm exec playwright show-trace "..\Dashboard Build\Reports\test-artifacts\e2e-onboarding-submit-and--bebb4-tes-and-redirects-correctly-chromium\trace.zip"

    ────────────────────────────────────────────────────────────────────────────────────────────────
]]>
</failure>
<system-out>
<![CDATA[
[[ATTACHMENT|test-artifacts\e2e-onboarding-submit-and--bebb4-tes-and-redirects-correctly-chromium\test-failed-1.png]]

[[ATTACHMENT|test-artifacts\e2e-onboarding-submit-and--bebb4-tes-and-redirects-correctly-chromium\video.webm]]

[[ATTACHMENT|test-artifacts\e2e-onboarding-submit-and--bebb4-tes-and-redirects-correctly-chromium\error-context.md]]

[[ATTACHMENT|test-artifacts\e2e-onboarding-submit-and--bebb4-tes-and-redirects-correctly-chromium\trace.zip]]
]]>
</system-out>
</testcase>
<testcase name="Onboarding Submit &amp; Dashboard Redirect › onboarding submit blocked without required documents" classname="e2e\onboarding\submit-and-redirect.spec.ts" time="45.469">
<failure message="submit-and-redirect.spec.ts:172:7 onboarding submit blocked without required documents" type="FAILURE">
<![CDATA[  [chromium] › e2e\onboarding\submit-and-redirect.spec.ts:172:7 › Onboarding Submit & Dashboard Redirect › onboarding submit blocked without required documents 

    Test timeout of 45000ms exceeded.

    Error: page.waitForResponse: Test timeout of 45000ms exceeded.

      185 |
      186 |     // Wait for onboarding
    > 187 |     await page.waitForResponse((resp) => resp.url().includes("/api/auth/sign-up") && resp.ok(), { timeout: 30000 });
          |                ^
      188 |     await Promise.race([
      189 |       expect(page).toHaveURL(/\/auth\/onboarding\?role=brand/, { timeout: 30000 }),
      190 |       page.getByText(/Account created successfully|Welcome to One-Link/i).waitFor({ state: "visible", timeout: 30000 }),
        at C:\Users\Lenovo\Desktop\Workspce\vo-onelink-google\tests\e2e\onboarding\submit-and-redirect.spec.ts:187:16

    attachment #1: screenshot (image/png) ──────────────────────────────────────────────────────────
    ..\Dashboard Build\Reports\test-artifacts\e2e-onboarding-submit-and--7f0bc--without-required-documents-chromium\test-failed-1.png
    ────────────────────────────────────────────────────────────────────────────────────────────────

    attachment #2: video (video/webm) ──────────────────────────────────────────────────────────────
    ..\Dashboard Build\Reports\test-artifacts\e2e-onboarding-submit-and--7f0bc--without-required-documents-chromium\video.webm
    ────────────────────────────────────────────────────────────────────────────────────────────────

    Error Context: ..\Dashboard Build\Reports\test-artifacts\e2e-onboarding-submit-and--7f0bc--without-required-documents-chromium\error-context.md

    attachment #4: trace (application/zip) ─────────────────────────────────────────────────────────
    ..\Dashboard Build\Reports\test-artifacts\e2e-onboarding-submit-and--7f0bc--without-required-documents-chromium\trace.zip
    Usage:

        pnpm exec playwright show-trace "..\Dashboard Build\Reports\test-artifacts\e2e-onboarding-submit-and--7f0bc--without-required-documents-chromium\trace.zip"

    ────────────────────────────────────────────────────────────────────────────────────────────────
]]>
</failure>
<system-out>
<![CDATA[
[[ATTACHMENT|test-artifacts\e2e-onboarding-submit-and--7f0bc--without-required-documents-chromium\test-failed-1.png]]

[[ATTACHMENT|test-artifacts\e2e-onboarding-submit-and--7f0bc--without-required-documents-chromium\video.webm]]

[[ATTACHMENT|test-artifacts\e2e-onboarding-submit-and--7f0bc--without-required-documents-chromium\error-context.md]]

[[ATTACHMENT|test-artifacts\e2e-onboarding-submit-and--7f0bc--without-required-documents-chromium\trace.zip]]
]]>
</system-out>
</testcase>
</testsuite>
<testsuite name="e2e\onboarding-brand-influencer-access.spec.ts" timestamp="2025-10-06T10:08:35.602Z" hostname="chromium" tests="2" failures="2" skipped="0" time="66.167" errors="0">
<testcase name="Onboarding access and document uploads › influencer login, reach onboarding verify, upload docs, then access dashboard (and role is influencer)" classname="e2e\onboarding-brand-influencer-access.spec.ts" time="43.441">
<failure message="onboarding-brand-influencer-access.spec.ts:9:7 influencer login, reach onboarding verify, upload docs, then access dashboard (and role is influencer)" type="FAILURE">
<![CDATA[  [chromium] › e2e\onboarding-brand-influencer-access.spec.ts:9:7 › Onboarding access and document uploads › influencer login, reach onboarding verify, upload docs, then access dashboard (and role is influencer) 

    TimeoutError: page.waitForURL: Timeout 30000ms exceeded.
    =========================== logs ===========================
    waiting for navigation until "load"
    ============================================================

      17 |
      18 |     // Either lands on dashboard or onboarding based on account state
    > 19 |     await page.waitForURL(/(\/dashboard\/influencer|\/onboarding\/influencer)/, { timeout: 30000 });
         |                ^
      20 |     if (!page.url().includes("/dashboard/influencer")) {
      21 |       // Move through onboarding to the verification step
      22 |       await page
        at C:\Users\Lenovo\Desktop\Workspce\vo-onelink-google\tests\e2e\onboarding-brand-influencer-access.spec.ts:19:16

    attachment #1: video (video/webm) ──────────────────────────────────────────────────────────────
    ..\Dashboard Build\Reports\test-artifacts\e2e-onboarding-brand-influ-73eea-ard-and-role-is-influencer--chromium\video.webm
    ────────────────────────────────────────────────────────────────────────────────────────────────

    Error Context: ..\Dashboard Build\Reports\test-artifacts\e2e-onboarding-brand-influ-73eea-ard-and-role-is-influencer--chromium\error-context.md

    attachment #3: trace (application/zip) ─────────────────────────────────────────────────────────
    ..\Dashboard Build\Reports\test-artifacts\e2e-onboarding-brand-influ-73eea-ard-and-role-is-influencer--chromium\trace.zip
    Usage:

        pnpm exec playwright show-trace "..\Dashboard Build\Reports\test-artifacts\e2e-onboarding-brand-influ-73eea-ard-and-role-is-influencer--chromium\trace.zip"

    ────────────────────────────────────────────────────────────────────────────────────────────────
]]>
</failure>
<system-out>
<![CDATA[
[[ATTACHMENT|test-artifacts\e2e-onboarding-brand-influ-73eea-ard-and-role-is-influencer--chromium\video.webm]]

[[ATTACHMENT|test-artifacts\e2e-onboarding-brand-influ-73eea-ard-and-role-is-influencer--chromium\error-context.md]]

[[ATTACHMENT|test-artifacts\e2e-onboarding-brand-influ-73eea-ard-and-role-is-influencer--chromium\trace.zip]]
]]>
</system-out>
</testcase>
<testcase name="Onboarding access and document uploads › brand login, access supplier dashboard (and role is supplier)" classname="e2e\onboarding-brand-influencer-access.spec.ts" time="22.726">
<failure message="onboarding-brand-influencer-access.spec.ts:61:7 brand login, access supplier dashboard (and role is supplier)" type="FAILURE">
<![CDATA[  [chromium] › e2e\onboarding-brand-influencer-access.spec.ts:61:7 › Onboarding access and document uploads › brand login, access supplier dashboard (and role is supplier) 

    SyntaxError: Unexpected token '<', "<!DOCTYPE "... is not valid JSON

      65 |     const sessionRes = await request.get("/api/auth/session");
      66 |     expect(sessionRes.status()).toBeLessThan(400);
    > 67 |     const session = await sessionRes.json();
         |                     ^
      68 |     expect(session?.user?.role).toBe("supplier");
      69 |   });
      70 | });
        at C:\Users\Lenovo\Desktop\Workspce\vo-onelink-google\tests\e2e\onboarding-brand-influencer-access.spec.ts:67:21

    attachment #1: video (video/webm) ──────────────────────────────────────────────────────────────
    ..\Dashboard Build\Reports\test-artifacts\e2e-onboarding-brand-influ-9208e-board-and-role-is-supplier--chromium\video.webm
    ────────────────────────────────────────────────────────────────────────────────────────────────

    Error Context: ..\Dashboard Build\Reports\test-artifacts\e2e-onboarding-brand-influ-9208e-board-and-role-is-supplier--chromium\error-context.md

    attachment #3: trace (application/zip) ─────────────────────────────────────────────────────────
    ..\Dashboard Build\Reports\test-artifacts\e2e-onboarding-brand-influ-9208e-board-and-role-is-supplier--chromium\trace.zip
    Usage:

        pnpm exec playwright show-trace "..\Dashboard Build\Reports\test-artifacts\e2e-onboarding-brand-influ-9208e-board-and-role-is-supplier--chromium\trace.zip"

    ────────────────────────────────────────────────────────────────────────────────────────────────
]]>
</failure>
<system-out>
<![CDATA[
[[ATTACHMENT|test-artifacts\e2e-onboarding-brand-influ-9208e-board-and-role-is-supplier--chromium\video.webm]]

[[ATTACHMENT|test-artifacts\e2e-onboarding-brand-influ-9208e-board-and-role-is-supplier--chromium\error-context.md]]

[[ATTACHMENT|test-artifacts\e2e-onboarding-brand-influ-9208e-board-and-role-is-supplier--chromium\trace.zip]]
]]>
</system-out>
</testcase>
</testsuite>
<testsuite name="e2e\onboarding-brand.spec.ts" timestamp="2025-10-06T10:08:35.602Z" hostname="chromium" tests="1" failures="1" skipped="0" time="37.731" errors="0">
<testcase name="Brand/Supplier Onboarding - Document Uploads › can sign up, reach Business Verification, and upload required documents" classname="e2e\onboarding-brand.spec.ts" time="37.731">
<failure message="onboarding-brand.spec.ts:17:7 can sign up, reach Business Verification, and upload required documents" type="FAILURE">
<![CDATA[  [chromium] › e2e\onboarding-brand.spec.ts:17:7 › Brand/Supplier Onboarding - Document Uploads › can sign up, reach Business Verification, and upload required documents 

    TimeoutError: locator.fill: Timeout 10000ms exceeded.
    Call log:
      - waiting for getByLabel('First name')


      25 |
      26 |     // Fill form
    > 27 |     await page.getByLabel('First name').fill('E2E')
         |                                         ^
      28 |     await page.getByLabel('Last name').fill('Brand')
      29 |     await page.getByLabel('Email address').fill(email)
      30 |     await page.getByLabel('Password').fill('Passw0rd!')
        at C:\Users\Lenovo\Desktop\Workspce\vo-onelink-google\tests\e2e\onboarding-brand.spec.ts:27:41

    attachment #1: screenshot (image/png) ──────────────────────────────────────────────────────────
    ..\Dashboard Build\Reports\test-artifacts\e2e-onboarding-brand-Brand-369d1-d-upload-required-documents-chromium\test-failed-1.png
    ────────────────────────────────────────────────────────────────────────────────────────────────

    attachment #2: video (video/webm) ──────────────────────────────────────────────────────────────
    ..\Dashboard Build\Reports\test-artifacts\e2e-onboarding-brand-Brand-369d1-d-upload-required-documents-chromium\video.webm
    ────────────────────────────────────────────────────────────────────────────────────────────────

    Error Context: ..\Dashboard Build\Reports\test-artifacts\e2e-onboarding-brand-Brand-369d1-d-upload-required-documents-chromium\error-context.md

    attachment #4: trace (application/zip) ─────────────────────────────────────────────────────────
    ..\Dashboard Build\Reports\test-artifacts\e2e-onboarding-brand-Brand-369d1-d-upload-required-documents-chromium\trace.zip
    Usage:

        pnpm exec playwright show-trace "..\Dashboard Build\Reports\test-artifacts\e2e-onboarding-brand-Brand-369d1-d-upload-required-documents-chromium\trace.zip"

    ────────────────────────────────────────────────────────────────────────────────────────────────
]]>
</failure>
<system-out>
<![CDATA[
[[ATTACHMENT|test-artifacts\e2e-onboarding-brand-Brand-369d1-d-upload-required-documents-chromium\test-failed-1.png]]

[[ATTACHMENT|test-artifacts\e2e-onboarding-brand-Brand-369d1-d-upload-required-documents-chromium\video.webm]]

[[ATTACHMENT|test-artifacts\e2e-onboarding-brand-Brand-369d1-d-upload-required-documents-chromium\error-context.md]]

[[ATTACHMENT|test-artifacts\e2e-onboarding-brand-Brand-369d1-d-upload-required-documents-chromium\trace.zip]]
]]>
</system-out>
</testcase>
</testsuite>
<testsuite name="e2e\onboarding-influencer.spec.ts" timestamp="2025-10-06T10:08:35.602Z" hostname="chromium" tests="1" failures="1" skipped="0" time="31.715" errors="0">
<testcase name="Influencer Onboarding - Document Uploads › can sign up, reach Identity Verification, and upload required documents" classname="e2e\onboarding-influencer.spec.ts" time="31.715">
<failure message="onboarding-influencer.spec.ts:17:7 can sign up, reach Identity Verification, and upload required documents" type="FAILURE">
<![CDATA[  [chromium] › e2e\onboarding-influencer.spec.ts:17:7 › Influencer Onboarding - Document Uploads › can sign up, reach Identity Verification, and upload required documents 

    TimeoutError: locator.fill: Timeout 10000ms exceeded.
    Call log:
      - waiting for getByLabel('First name')


      25 |
      26 |     // Fill form
    > 27 |     await page.getByLabel('First name').fill('E2E')
         |                                         ^
      28 |     await page.getByLabel('Last name').fill('Influencer')
      29 |     await page.getByLabel('Email address').fill(email)
      30 |     await page.getByLabel('Password').fill('Passw0rd!')
        at C:\Users\Lenovo\Desktop\Workspce\vo-onelink-google\tests\e2e\onboarding-influencer.spec.ts:27:41

    attachment #1: screenshot (image/png) ──────────────────────────────────────────────────────────
    ..\Dashboard Build\Reports\test-artifacts\e2e-onboarding-influencer--64a14-d-upload-required-documents-chromium\test-failed-1.png
    ────────────────────────────────────────────────────────────────────────────────────────────────

    attachment #2: video (video/webm) ──────────────────────────────────────────────────────────────
    ..\Dashboard Build\Reports\test-artifacts\e2e-onboarding-influencer--64a14-d-upload-required-documents-chromium\video.webm
    ────────────────────────────────────────────────────────────────────────────────────────────────

    Error Context: ..\Dashboard Build\Reports\test-artifacts\e2e-onboarding-influencer--64a14-d-upload-required-documents-chromium\error-context.md

    attachment #4: trace (application/zip) ─────────────────────────────────────────────────────────
    ..\Dashboard Build\Reports\test-artifacts\e2e-onboarding-influencer--64a14-d-upload-required-documents-chromium\trace.zip
    Usage:

        pnpm exec playwright show-trace "..\Dashboard Build\Reports\test-artifacts\e2e-onboarding-influencer--64a14-d-upload-required-documents-chromium\trace.zip"

    ────────────────────────────────────────────────────────────────────────────────────────────────
]]>
</failure>
<system-out>
<![CDATA[
[[ATTACHMENT|test-artifacts\e2e-onboarding-influencer--64a14-d-upload-required-documents-chromium\test-failed-1.png]]

[[ATTACHMENT|test-artifacts\e2e-onboarding-influencer--64a14-d-upload-required-documents-chromium\video.webm]]

[[ATTACHMENT|test-artifacts\e2e-onboarding-influencer--64a14-d-upload-required-documents-chromium\error-context.md]]

[[ATTACHMENT|test-artifacts\e2e-onboarding-influencer--64a14-d-upload-required-documents-chromium\trace.zip]]
]]>
</system-out>
</testcase>
</testsuite>
<testsuite name="e2e\products\product-crud.spec.ts" timestamp="2025-10-06T10:08:35.602Z" hostname="chromium" tests="1" failures="1" skipped="0" time="26.303" errors="0">
<testcase name="Supplier Product CRUD › create product" classname="e2e\products\product-crud.spec.ts" time="26.303">
<failure message="product-crud.spec.ts:9:7 create product" type="FAILURE">
<![CDATA[  [chromium] › e2e\products\product-crud.spec.ts:9:7 › Supplier Product CRUD › create product ──────

    TimeoutError: locator.click: Timeout 10000ms exceeded.
    Call log:
      - waiting for getByRole('button', { name: /sign in/i }).or(locator('button[type="submit"]').first())
        - locator resolved to <button type="submit" class="inline-flex items-center justify-center gap-2 whitespace-nowrap rounded-lg text-sm font-medium transition-all disabled:pointer-events-none disabled:opacity-50 outline-none bg-indigo-600 text-white shadow-sm hover:bg-indigo-700 focus-visible:ring-2 focus-visible:ring-indigo-500 focus-visible:ring-offset-2 h-9 px-4 py-2">Sign In</button>
      - attempting click action
        - waiting for element to be visible, enabled and stable
        - element is visible, enabled and stable
        - scrolling into view if needed
        - done scrolling
        - performing click action
        - click action done
        - waiting for scheduled navigations to finish


       at helpers\auth.ts:93

      91 |     .getByRole("button", { name: /sign in/i })
      92 |     .or(page.locator('button[type="submit"]').first())
    > 93 |     .click();
         |      ^
      94 |
      95 |   try {
      96 |     await expect(page).toHaveURL(/\/dashboard\/supplier(\/.*)?$/i, {
        at loginAsSupplier (C:\Users\Lenovo\Desktop\Workspce\vo-onelink-google\tests\helpers\auth.ts:93:6)
        at C:\Users\Lenovo\Desktop\Workspce\vo-onelink-google\tests\e2e\products\product-crud.spec.ts:6:5

    attachment #1: screenshot (image/png) ──────────────────────────────────────────────────────────
    ..\Dashboard Build\Reports\test-artifacts\e2e-products-product-crud--b2b54-Product-CRUD-create-product-chromium\test-failed-1.png
    ────────────────────────────────────────────────────────────────────────────────────────────────

    attachment #2: video (video/webm) ──────────────────────────────────────────────────────────────
    ..\Dashboard Build\Reports\test-artifacts\e2e-products-product-crud--b2b54-Product-CRUD-create-product-chromium\video.webm
    ────────────────────────────────────────────────────────────────────────────────────────────────

    Error Context: ..\Dashboard Build\Reports\test-artifacts\e2e-products-product-crud--b2b54-Product-CRUD-create-product-chromium\error-context.md

    attachment #4: trace (application/zip) ─────────────────────────────────────────────────────────
    ..\Dashboard Build\Reports\test-artifacts\e2e-products-product-crud--b2b54-Product-CRUD-create-product-chromium\trace.zip
    Usage:

        pnpm exec playwright show-trace "..\Dashboard Build\Reports\test-artifacts\e2e-products-product-crud--b2b54-Product-CRUD-create-product-chromium\trace.zip"

    ────────────────────────────────────────────────────────────────────────────────────────────────
]]>
</failure>
<system-out>
<![CDATA[
[[ATTACHMENT|test-artifacts\e2e-products-product-crud--b2b54-Product-CRUD-create-product-chromium\test-failed-1.png]]

[[ATTACHMENT|test-artifacts\e2e-products-product-crud--b2b54-Product-CRUD-create-product-chromium\video.webm]]

[[ATTACHMENT|test-artifacts\e2e-products-product-crud--b2b54-Product-CRUD-create-product-chromium\error-context.md]]

[[ATTACHMENT|test-artifacts\e2e-products-product-crud--b2b54-Product-CRUD-create-product-chromium\trace.zip]]
]]>
</system-out>
</testcase>
</testsuite>
<testsuite name="e2e\products\product-import-export.spec.ts" timestamp="2025-10-06T10:08:35.602Z" hostname="chromium" tests="2" failures="2" skipped="0" time="76.506" errors="0">
<testcase name="Product Import/Export › export drawer opens and allows filter selection" classname="e2e\products\product-import-export.spec.ts" time="25.987">
<failure message="product-import-export.spec.ts:10:7 export drawer opens and allows filter selection" type="FAILURE">
<![CDATA[  [chromium] › e2e\products\product-import-export.spec.ts:10:7 › Product Import/Export › export drawer opens and allows filter selection 

    TimeoutError: locator.click: Timeout 10000ms exceeded.
    Call log:
      - waiting for getByRole('button', { name: /sign in/i }).or(locator('button[type="submit"]').first())
        - locator resolved to <button type="submit" class="inline-flex items-center justify-center gap-2 whitespace-nowrap rounded-lg text-sm font-medium transition-all disabled:pointer-events-none disabled:opacity-50 outline-none bg-indigo-600 text-white shadow-sm hover:bg-indigo-700 focus-visible:ring-2 focus-visible:ring-indigo-500 focus-visible:ring-offset-2 h-9 px-4 py-2">Sign In</button>
      - attempting click action
        - waiting for element to be visible, enabled and stable
        - element is visible, enabled and stable
        - scrolling into view if needed
        - done scrolling
        - performing click action
        - click action done
        - waiting for scheduled navigations to finish


       at helpers\auth.ts:93

      91 |     .getByRole("button", { name: /sign in/i })
      92 |     .or(page.locator('button[type="submit"]').first())
    > 93 |     .click();
         |      ^
      94 |
      95 |   try {
      96 |     await expect(page).toHaveURL(/\/dashboard\/supplier(\/.*)?$/i, {
        at loginAsSupplier (C:\Users\Lenovo\Desktop\Workspce\vo-onelink-google\tests\helpers\auth.ts:93:6)
        at C:\Users\Lenovo\Desktop\Workspce\vo-onelink-google\tests\e2e\products\product-import-export.spec.ts:6:5

    attachment #1: screenshot (image/png) ──────────────────────────────────────────────────────────
    ..\Dashboard Build\Reports\test-artifacts\e2e-products-product-impor-0194d-and-allows-filter-selection-chromium\test-failed-1.png
    ────────────────────────────────────────────────────────────────────────────────────────────────

    attachment #2: video (video/webm) ──────────────────────────────────────────────────────────────
    ..\Dashboard Build\Reports\test-artifacts\e2e-products-product-impor-0194d-and-allows-filter-selection-chromium\video.webm
    ────────────────────────────────────────────────────────────────────────────────────────────────

    Error Context: ..\Dashboard Build\Reports\test-artifacts\e2e-products-product-impor-0194d-and-allows-filter-selection-chromium\error-context.md

    attachment #4: trace (application/zip) ─────────────────────────────────────────────────────────
    ..\Dashboard Build\Reports\test-artifacts\e2e-products-product-impor-0194d-and-allows-filter-selection-chromium\trace.zip
    Usage:

        pnpm exec playwright show-trace "..\Dashboard Build\Reports\test-artifacts\e2e-products-product-impor-0194d-and-allows-filter-selection-chromium\trace.zip"

    ────────────────────────────────────────────────────────────────────────────────────────────────
]]>
</failure>
<system-out>
<![CDATA[
[[ATTACHMENT|test-artifacts\e2e-products-product-impor-0194d-and-allows-filter-selection-chromium\test-failed-1.png]]

[[ATTACHMENT|test-artifacts\e2e-products-product-impor-0194d-and-allows-filter-selection-chromium\video.webm]]

[[ATTACHMENT|test-artifacts\e2e-products-product-impor-0194d-and-allows-filter-selection-chromium\error-context.md]]

[[ATTACHMENT|test-artifacts\e2e-products-product-impor-0194d-and-allows-filter-selection-chromium\trace.zip]]
]]>
</system-out>
</testcase>
<testcase name="Product Import/Export › import dialog opens (dry run path)" classname="e2e\products\product-import-export.spec.ts" time="50.519">
<failure message="product-import-export.spec.ts:16:7 import dialog opens (dry run path)" type="FAILURE">
<![CDATA[  [chromium] › e2e\products\product-import-export.spec.ts:16:7 › Product Import/Export › import dialog opens (dry run path) 

    Test timeout of 45000ms exceeded while running "beforeEach" hook.

      3 |
      4 | test.describe("Product Import/Export", () => {
    > 5 |   test.beforeEach(async ({ page }) => {
        |        ^
      6 |     await loginAsSupplier(page);
      7 |     await page.goto("/dashboard/supplier/products");
      8 |   });
        at C:\Users\Lenovo\Desktop\Workspce\vo-onelink-google\tests\e2e\products\product-import-export.spec.ts:5:8

    attachment #1: screenshot (image/png) ──────────────────────────────────────────────────────────
    ..\Dashboard Build\Reports\test-artifacts\e2e-products-product-impor-824ae--dialog-opens-dry-run-path--chromium\test-failed-1.png
    ────────────────────────────────────────────────────────────────────────────────────────────────

    attachment #2: video (video/webm) ──────────────────────────────────────────────────────────────
    ..\Dashboard Build\Reports\test-artifacts\e2e-products-product-impor-824ae--dialog-opens-dry-run-path--chromium\video.webm
    ────────────────────────────────────────────────────────────────────────────────────────────────

    Error Context: ..\Dashboard Build\Reports\test-artifacts\e2e-products-product-impor-824ae--dialog-opens-dry-run-path--chromium\error-context.md

    attachment #4: trace (application/zip) ─────────────────────────────────────────────────────────
    ..\Dashboard Build\Reports\test-artifacts\e2e-products-product-impor-824ae--dialog-opens-dry-run-path--chromium\trace.zip
    Usage:

        pnpm exec playwright show-trace "..\Dashboard Build\Reports\test-artifacts\e2e-products-product-impor-824ae--dialog-opens-dry-run-path--chromium\trace.zip"

    ────────────────────────────────────────────────────────────────────────────────────────────────
]]>
</failure>
<system-out>
<![CDATA[
[[ATTACHMENT|test-artifacts\e2e-products-product-impor-824ae--dialog-opens-dry-run-path--chromium\test-failed-1.png]]

[[ATTACHMENT|test-artifacts\e2e-products-product-impor-824ae--dialog-opens-dry-run-path--chromium\video.webm]]

[[ATTACHMENT|test-artifacts\e2e-products-product-impor-824ae--dialog-opens-dry-run-path--chromium\error-context.md]]

[[ATTACHMENT|test-artifacts\e2e-products-product-impor-824ae--dialog-opens-dry-run-path--chromium\trace.zip]]
]]>
</system-out>
</testcase>
</testsuite>
<testsuite name="e2e\roles.spec.ts" timestamp="2025-10-06T10:08:35.602Z" hostname="chromium" tests="2" failures="1" skipped="0" time="63.103" errors="0">
<testcase name="Role-based dashboards › admin can access /admin/dashboard" classname="e2e\roles.spec.ts" time="26.068">
</testcase>
<testcase name="Role-based dashboards › non-admin redirected away from /dashboard/admin" classname="e2e\roles.spec.ts" time="37.035">
<failure message="roles.spec.ts:12:7 non-admin redirected away from /dashboard/admin" type="FAILURE">
<![CDATA[  [chromium] › e2e\roles.spec.ts:12:7 › Role-based dashboards › non-admin redirected away from /dashboard/admin 

    Error: expect(received).toBeTruthy()

    Received: false

      28 |     const redirected =
      29 |       page.url().includes("/dashboard/supplier") || page.url().endsWith("/");
    > 30 |     expect(redirected).toBeTruthy();
         |                        ^
      31 |   });
      32 | });
      33 |
        at C:\Users\Lenovo\Desktop\Workspce\vo-onelink-google\tests\e2e\roles.spec.ts:30:24

    attachment #1: screenshot (image/png) ──────────────────────────────────────────────────────────
    ..\Dashboard Build\Reports\test-artifacts\e2e-roles-Role-based-dashb-eeb63-d-away-from-dashboard-admin-chromium\test-failed-1.png
    ────────────────────────────────────────────────────────────────────────────────────────────────

    attachment #2: video (video/webm) ──────────────────────────────────────────────────────────────
    ..\Dashboard Build\Reports\test-artifacts\e2e-roles-Role-based-dashb-eeb63-d-away-from-dashboard-admin-chromium\video.webm
    ────────────────────────────────────────────────────────────────────────────────────────────────

    Error Context: ..\Dashboard Build\Reports\test-artifacts\e2e-roles-Role-based-dashb-eeb63-d-away-from-dashboard-admin-chromium\error-context.md

    attachment #4: trace (application/zip) ─────────────────────────────────────────────────────────
    ..\Dashboard Build\Reports\test-artifacts\e2e-roles-Role-based-dashb-eeb63-d-away-from-dashboard-admin-chromium\trace.zip
    Usage:

        pnpm exec playwright show-trace "..\Dashboard Build\Reports\test-artifacts\e2e-roles-Role-based-dashb-eeb63-d-away-from-dashboard-admin-chromium\trace.zip"

    ────────────────────────────────────────────────────────────────────────────────────────────────
]]>
</failure>
<system-out>
<![CDATA[
[[ATTACHMENT|test-artifacts\e2e-roles-Role-based-dashb-eeb63-d-away-from-dashboard-admin-chromium\test-failed-1.png]]

[[ATTACHMENT|test-artifacts\e2e-roles-Role-based-dashb-eeb63-d-away-from-dashboard-admin-chromium\video.webm]]

[[ATTACHMENT|test-artifacts\e2e-roles-Role-based-dashb-eeb63-d-away-from-dashboard-admin-chromium\error-context.md]]

[[ATTACHMENT|test-artifacts\e2e-roles-Role-based-dashb-eeb63-d-away-from-dashboard-admin-chromium\trace.zip]]
]]>
</system-out>
</testcase>
</testsuite>
<testsuite name="e2e\shop-visual.spec.ts" timestamp="2025-10-06T10:08:35.602Z" hostname="chromium" tests="3" failures="3" skipped="0" time="49.039" errors="0">
<testcase name="Shop product images › Grid view: product image area has sensible height and is visible" classname="e2e\shop-visual.spec.ts" time="25.407">
<failure message="shop-visual.spec.ts:14:7 Grid view: product image area has sensible height and is visible" type="FAILURE">
<![CDATA[  [chromium] › e2e\shop-visual.spec.ts:14:7 › Shop product images › Grid view: product image area has sensible height and is visible 

    Error: expect(locator).toBeVisible() failed

    Locator:  getByTestId('shop-main')
    Expected: visible
    Received: <element(s) not found>
    Timeout:  5000ms

    Call log:
      - Expect "toBeVisible" with timeout 5000ms
      - waiting for getByTestId('shop-main')


       7 |   test.beforeEach(async ({ page }) => {
       8 |     await page.goto('/shop')
    >  9 |     await expect(page.getByTestId('shop-main')).toBeVisible()
         |                                                 ^
      10 |     // Wait for at least one product card
      11 |     await expect(page.getByTestId('product-card').first()).toBeVisible()
      12 |   })
        at C:\Users\Lenovo\Desktop\Workspce\vo-onelink-google\tests\e2e\shop-visual.spec.ts:9:49

    attachment #1: screenshot (image/png) ──────────────────────────────────────────────────────────
    ..\Dashboard Build\Reports\test-artifacts\e2e-shop-visual-Shop-produ-41dbc-sible-height-and-is-visible-chromium\test-failed-1.png
    ────────────────────────────────────────────────────────────────────────────────────────────────

    attachment #2: video (video/webm) ──────────────────────────────────────────────────────────────
    ..\Dashboard Build\Reports\test-artifacts\e2e-shop-visual-Shop-produ-41dbc-sible-height-and-is-visible-chromium\video.webm
    ────────────────────────────────────────────────────────────────────────────────────────────────

    Error Context: ..\Dashboard Build\Reports\test-artifacts\e2e-shop-visual-Shop-produ-41dbc-sible-height-and-is-visible-chromium\error-context.md

    attachment #4: trace (application/zip) ─────────────────────────────────────────────────────────
    ..\Dashboard Build\Reports\test-artifacts\e2e-shop-visual-Shop-produ-41dbc-sible-height-and-is-visible-chromium\trace.zip
    Usage:

        pnpm exec playwright show-trace "..\Dashboard Build\Reports\test-artifacts\e2e-shop-visual-Shop-produ-41dbc-sible-height-and-is-visible-chromium\trace.zip"

    ────────────────────────────────────────────────────────────────────────────────────────────────
]]>
</failure>
<system-out>
<![CDATA[
[[ATTACHMENT|test-artifacts\e2e-shop-visual-Shop-produ-41dbc-sible-height-and-is-visible-chromium\test-failed-1.png]]

[[ATTACHMENT|test-artifacts\e2e-shop-visual-Shop-produ-41dbc-sible-height-and-is-visible-chromium\video.webm]]

[[ATTACHMENT|test-artifacts\e2e-shop-visual-Shop-produ-41dbc-sible-height-and-is-visible-chromium\error-context.md]]

[[ATTACHMENT|test-artifacts\e2e-shop-visual-Shop-produ-41dbc-sible-height-and-is-visible-chromium\trace.zip]]
]]>
</system-out>
</testcase>
<testcase name="Shop product images › List view: product image area does not collapse to a thin strip" classname="e2e\shop-visual.spec.ts" time="8.919">
<failure message="shop-visual.spec.ts:34:7 List view: product image area does not collapse to a thin strip" type="FAILURE">
<![CDATA[  [chromium] › e2e\shop-visual.spec.ts:34:7 › Shop product images › List view: product image area does not collapse to a thin strip 

    Error: expect(locator).toBeVisible() failed

    Locator:  getByTestId('shop-main')
    Expected: visible
    Received: <element(s) not found>
    Timeout:  5000ms

    Call log:
      - Expect "toBeVisible" with timeout 5000ms
      - waiting for getByTestId('shop-main')


       7 |   test.beforeEach(async ({ page }) => {
       8 |     await page.goto('/shop')
    >  9 |     await expect(page.getByTestId('shop-main')).toBeVisible()
         |                                                 ^
      10 |     // Wait for at least one product card
      11 |     await expect(page.getByTestId('product-card').first()).toBeVisible()
      12 |   })
        at C:\Users\Lenovo\Desktop\Workspce\vo-onelink-google\tests\e2e\shop-visual.spec.ts:9:49

    attachment #1: screenshot (image/png) ──────────────────────────────────────────────────────────
    ..\Dashboard Build\Reports\test-artifacts\e2e-shop-visual-Shop-produ-cd6da-ot-collapse-to-a-thin-strip-chromium\test-failed-1.png
    ────────────────────────────────────────────────────────────────────────────────────────────────

    attachment #2: video (video/webm) ──────────────────────────────────────────────────────────────
    ..\Dashboard Build\Reports\test-artifacts\e2e-shop-visual-Shop-produ-cd6da-ot-collapse-to-a-thin-strip-chromium\video.webm
    ────────────────────────────────────────────────────────────────────────────────────────────────

    Error Context: ..\Dashboard Build\Reports\test-artifacts\e2e-shop-visual-Shop-produ-cd6da-ot-collapse-to-a-thin-strip-chromium\error-context.md

    attachment #4: trace (application/zip) ─────────────────────────────────────────────────────────
    ..\Dashboard Build\Reports\test-artifacts\e2e-shop-visual-Shop-produ-cd6da-ot-collapse-to-a-thin-strip-chromium\trace.zip
    Usage:

        pnpm exec playwright show-trace "..\Dashboard Build\Reports\test-artifacts\e2e-shop-visual-Shop-produ-cd6da-ot-collapse-to-a-thin-strip-chromium\trace.zip"

    ────────────────────────────────────────────────────────────────────────────────────────────────
]]>
</failure>
<system-out>
<![CDATA[
[[ATTACHMENT|test-artifacts\e2e-shop-visual-Shop-produ-cd6da-ot-collapse-to-a-thin-strip-chromium\test-failed-1.png]]

[[ATTACHMENT|test-artifacts\e2e-shop-visual-Shop-produ-cd6da-ot-collapse-to-a-thin-strip-chromium\video.webm]]

[[ATTACHMENT|test-artifacts\e2e-shop-visual-Shop-produ-cd6da-ot-collapse-to-a-thin-strip-chromium\error-context.md]]

[[ATTACHMENT|test-artifacts\e2e-shop-visual-Shop-produ-cd6da-ot-collapse-to-a-thin-strip-chromium\trace.zip]]
]]>
</system-out>
</testcase>
<testcase name="Shop product images › Quick View shows full image" classname="e2e\shop-visual.spec.ts" time="14.713">
<failure message="shop-visual.spec.ts:52:7 Quick View shows full image" type="FAILURE">
<![CDATA[  [chromium] › e2e\shop-visual.spec.ts:52:7 › Shop product images › Quick View shows full image ────

    Error: expect(locator).toBeVisible() failed

    Locator:  getByTestId('shop-main')
    Expected: visible
    Received: <element(s) not found>
    Timeout:  5000ms

    Call log:
      - Expect "toBeVisible" with timeout 5000ms
      - waiting for getByTestId('shop-main')


       7 |   test.beforeEach(async ({ page }) => {
       8 |     await page.goto('/shop')
    >  9 |     await expect(page.getByTestId('shop-main')).toBeVisible()
         |                                                 ^
      10 |     // Wait for at least one product card
      11 |     await expect(page.getByTestId('product-card').first()).toBeVisible()
      12 |   })
        at C:\Users\Lenovo\Desktop\Workspce\vo-onelink-google\tests\e2e\shop-visual.spec.ts:9:49

    attachment #1: screenshot (image/png) ──────────────────────────────────────────────────────────
    ..\Dashboard Build\Reports\test-artifacts\e2e-shop-visual-Shop-produ-8b2fc-Quick-View-shows-full-image-chromium\test-failed-1.png
    ────────────────────────────────────────────────────────────────────────────────────────────────

    attachment #2: video (video/webm) ──────────────────────────────────────────────────────────────
    ..\Dashboard Build\Reports\test-artifacts\e2e-shop-visual-Shop-produ-8b2fc-Quick-View-shows-full-image-chromium\video.webm
    ────────────────────────────────────────────────────────────────────────────────────────────────

    Error Context: ..\Dashboard Build\Reports\test-artifacts\e2e-shop-visual-Shop-produ-8b2fc-Quick-View-shows-full-image-chromium\error-context.md

    attachment #4: trace (application/zip) ─────────────────────────────────────────────────────────
    ..\Dashboard Build\Reports\test-artifacts\e2e-shop-visual-Shop-produ-8b2fc-Quick-View-shows-full-image-chromium\trace.zip
    Usage:

        pnpm exec playwright show-trace "..\Dashboard Build\Reports\test-artifacts\e2e-shop-visual-Shop-produ-8b2fc-Quick-View-shows-full-image-chromium\trace.zip"

    ────────────────────────────────────────────────────────────────────────────────────────────────
]]>
</failure>
<system-out>
<![CDATA[
[[ATTACHMENT|test-artifacts\e2e-shop-visual-Shop-produ-8b2fc-Quick-View-shows-full-image-chromium\test-failed-1.png]]

[[ATTACHMENT|test-artifacts\e2e-shop-visual-Shop-produ-8b2fc-Quick-View-shows-full-image-chromium\video.webm]]

[[ATTACHMENT|test-artifacts\e2e-shop-visual-Shop-produ-8b2fc-Quick-View-shows-full-image-chromium\error-context.md]]

[[ATTACHMENT|test-artifacts\e2e-shop-visual-Shop-produ-8b2fc-Quick-View-shows-full-image-chromium\trace.zip]]
]]>
</system-out>
</testcase>
</testsuite>
<testsuite name="e2e\shops\shop-navigation.spec.ts" timestamp="2025-10-06T10:08:35.602Z" hostname="chromium" tests="1" failures="1" skipped="0" time="26.51" errors="0">
<testcase name="Shops Directory Navigation › visit /shops and navigate to a shop" classname="e2e\shops\shop-navigation.spec.ts" time="26.51">
<failure message="shop-navigation.spec.ts:4:7 visit /shops and navigate to a shop" type="FAILURE">
<![CDATA[  [chromium] › e2e\shops\shop-navigation.spec.ts:4:7 › Shops Directory Navigation › visit /shops and navigate to a shop 

    Error: expect(page).toHaveURL(expected) failed

    Expected pattern: /\/shop\//
    Received string:  "http://127.0.0.1:3001/shops"
    Timeout: 5000ms

    Call log:
      - Expect "toHaveURL" with timeout 5000ms
        8 × unexpected value "http://127.0.0.1:3001/shops"


      19 |       );
      20 |     } else {
    > 21 |       await expect(page).toHaveURL(/\/shop\//);
         |                          ^
      22 |     }
      23 |
      24 |     // Shop product grid visible
        at C:\Users\Lenovo\Desktop\Workspce\vo-onelink-google\tests\e2e\shops\shop-navigation.spec.ts:21:26

    attachment #1: screenshot (image/png) ──────────────────────────────────────────────────────────
    ..\Dashboard Build\Reports\test-artifacts\e2e-shops-shop-navigation--2071d-hops-and-navigate-to-a-shop-chromium\test-failed-1.png
    ────────────────────────────────────────────────────────────────────────────────────────────────

    attachment #2: video (video/webm) ──────────────────────────────────────────────────────────────
    ..\Dashboard Build\Reports\test-artifacts\e2e-shops-shop-navigation--2071d-hops-and-navigate-to-a-shop-chromium\video.webm
    ────────────────────────────────────────────────────────────────────────────────────────────────

    Error Context: ..\Dashboard Build\Reports\test-artifacts\e2e-shops-shop-navigation--2071d-hops-and-navigate-to-a-shop-chromium\error-context.md

    attachment #4: trace (application/zip) ─────────────────────────────────────────────────────────
    ..\Dashboard Build\Reports\test-artifacts\e2e-shops-shop-navigation--2071d-hops-and-navigate-to-a-shop-chromium\trace.zip
    Usage:

        pnpm exec playwright show-trace "..\Dashboard Build\Reports\test-artifacts\e2e-shops-shop-navigation--2071d-hops-and-navigate-to-a-shop-chromium\trace.zip"

    ────────────────────────────────────────────────────────────────────────────────────────────────
]]>
</failure>
<system-out>
<![CDATA[
[[ATTACHMENT|test-artifacts\e2e-shops-shop-navigation--2071d-hops-and-navigate-to-a-shop-chromium\test-failed-1.png]]

[[ATTACHMENT|test-artifacts\e2e-shops-shop-navigation--2071d-hops-and-navigate-to-a-shop-chromium\video.webm]]

[[ATTACHMENT|test-artifacts\e2e-shops-shop-navigation--2071d-hops-and-navigate-to-a-shop-chromium\error-context.md]]

[[ATTACHMENT|test-artifacts\e2e-shops-shop-navigation--2071d-hops-and-navigate-to-a-shop-chromium\trace.zip]]
]]>
</system-out>
</testcase>
</testsuite>
<testsuite name="e2e\shops-directory.spec.ts" timestamp="2025-10-06T10:08:35.602Z" hostname="chromium" tests="1" failures="1" skipped="0" time="24.851" errors="0">
<testcase name="Influencer shops directory › renders shop cards with banner/avatar or fallbacks" classname="e2e\shops-directory.spec.ts" time="24.851">
<failure message="shops-directory.spec.ts:7:7 renders shop cards with banner/avatar or fallbacks" type="FAILURE">
<![CDATA[  [chromium] › e2e\shops-directory.spec.ts:7:7 › Influencer shops directory › renders shop cards with banner/avatar or fallbacks 

    Error: expect(locator).toBeVisible() failed

    Locator:  getByRole('button', { name: /Visit Shop/i }).first()
    Expected: visible
    Received: <element(s) not found>
    Timeout:  5000ms

    Call log:
      - Expect "toBeVisible" with timeout 5000ms
      - waiting for getByRole('button', { name: /Visit Shop/i }).first()


      15 |     // We expect at least one visible shop card (based on mock/data)
      16 |     const visitButtons = page.getByRole("button", { name: /Visit Shop/i });
    > 17 |     await expect(visitButtons.first()).toBeVisible();
         |                                        ^
      18 |
      19 |     // Select the first shop card via stable test id
      20 |     const card = page.locator('[data-testid="shop-card"]').first();
        at C:\Users\Lenovo\Desktop\Workspce\vo-onelink-google\tests\e2e\shops-directory.spec.ts:17:40

    attachment #1: screenshot (image/png) ──────────────────────────────────────────────────────────
    ..\Dashboard Build\Reports\test-artifacts\e2e-shops-directory-Influe-bcaea--banner-avatar-or-fallbacks-chromium\test-failed-1.png
    ────────────────────────────────────────────────────────────────────────────────────────────────

    attachment #2: video (video/webm) ──────────────────────────────────────────────────────────────
    ..\Dashboard Build\Reports\test-artifacts\e2e-shops-directory-Influe-bcaea--banner-avatar-or-fallbacks-chromium\video.webm
    ────────────────────────────────────────────────────────────────────────────────────────────────

    Error Context: ..\Dashboard Build\Reports\test-artifacts\e2e-shops-directory-Influe-bcaea--banner-avatar-or-fallbacks-chromium\error-context.md

    attachment #4: trace (application/zip) ─────────────────────────────────────────────────────────
    ..\Dashboard Build\Reports\test-artifacts\e2e-shops-directory-Influe-bcaea--banner-avatar-or-fallbacks-chromium\trace.zip
    Usage:

        pnpm exec playwright show-trace "..\Dashboard Build\Reports\test-artifacts\e2e-shops-directory-Influe-bcaea--banner-avatar-or-fallbacks-chromium\trace.zip"

    ────────────────────────────────────────────────────────────────────────────────────────────────
]]>
</failure>
<system-out>
<![CDATA[
[[ATTACHMENT|test-artifacts\e2e-shops-directory-Influe-bcaea--banner-avatar-or-fallbacks-chromium\test-failed-1.png]]

[[ATTACHMENT|test-artifacts\e2e-shops-directory-Influe-bcaea--banner-avatar-or-fallbacks-chromium\video.webm]]

[[ATTACHMENT|test-artifacts\e2e-shops-directory-Influe-bcaea--banner-avatar-or-fallbacks-chromium\error-context.md]]

[[ATTACHMENT|test-artifacts\e2e-shops-directory-Influe-bcaea--banner-avatar-or-fallbacks-chromium\trace.zip]]
]]>
</system-out>
</testcase>
</testsuite>
<testsuite name="e2e\shops-linkage-diagnostics.spec.ts" timestamp="2025-10-06T10:08:35.602Z" hostname="chromium" tests="4" failures="4" skipped="0" time="28.28" errors="0">
<testcase name="Influencer shops linkage diagnostics › directory renders and shows multiple shops" classname="e2e\shops-linkage-diagnostics.spec.ts" time="4.606">
<failure message="shops-linkage-diagnostics.spec.ts:22:7 directory renders and shows multiple shops" type="FAILURE">
<![CDATA[  [chromium] › e2e\shops-linkage-diagnostics.spec.ts:22:7 › Influencer shops linkage diagnostics › directory renders and shows multiple shops 

    Error: expect.toBeVisible: Error: strict mode violation: getByText(/Discover/i) resolved to 2 elements:
        1) <h1 class="text-4xl font-bold mb-4">Discover Amazing Shops</h1> aka getByRole('heading', { name: 'Discover Amazing Shops' })
        2) <p class="text-xs text-gray-500 line-clamp-2 mt-1">Kitchen essentials & gourmet food discoveries 🍳</p> aka getByText('Kitchen essentials & gourmet')

    Call log:
      - Expect "toBeVisible" with timeout 5000ms
      - waiting for getByText(/Discover/i)


      24 |
      25 |     // Title visible
    > 26 |     await expect(page.getByText(/Discover/i)).toBeVisible()
         |                                               ^
      27 |
      28 |     // Cards appear, then hydrate (catch case where they flicker to fewer)
      29 |     const cards = page.getByRole('button', { name: /Visit Shop/i })
        at C:\Users\Lenovo\Desktop\Workspce\vo-onelink-google\tests\e2e\shops-linkage-diagnostics.spec.ts:26:47

    attachment #1: screenshot (image/png) ──────────────────────────────────────────────────────────
    ..\Dashboard Build\Reports\test-artifacts\e2e-shops-linkage-diagnost-fec5e-rs-and-shows-multiple-shops-chromium\test-failed-1.png
    ────────────────────────────────────────────────────────────────────────────────────────────────

    attachment #2: video (video/webm) ──────────────────────────────────────────────────────────────
    ..\Dashboard Build\Reports\test-artifacts\e2e-shops-linkage-diagnost-fec5e-rs-and-shows-multiple-shops-chromium\video.webm
    ────────────────────────────────────────────────────────────────────────────────────────────────

    Error Context: ..\Dashboard Build\Reports\test-artifacts\e2e-shops-linkage-diagnost-fec5e-rs-and-shows-multiple-shops-chromium\error-context.md

    attachment #4: trace (application/zip) ─────────────────────────────────────────────────────────
    ..\Dashboard Build\Reports\test-artifacts\e2e-shops-linkage-diagnost-fec5e-rs-and-shows-multiple-shops-chromium\trace.zip
    Usage:

        pnpm exec playwright show-trace "..\Dashboard Build\Reports\test-artifacts\e2e-shops-linkage-diagnost-fec5e-rs-and-shows-multiple-shops-chromium\trace.zip"

    ────────────────────────────────────────────────────────────────────────────────────────────────
]]>
</failure>
<system-out>
<![CDATA[
[[ATTACHMENT|test-artifacts\e2e-shops-linkage-diagnost-fec5e-rs-and-shows-multiple-shops-chromium\test-failed-1.png]]

[[ATTACHMENT|test-artifacts\e2e-shops-linkage-diagnost-fec5e-rs-and-shows-multiple-shops-chromium\video.webm]]

[[ATTACHMENT|test-artifacts\e2e-shops-linkage-diagnost-fec5e-rs-and-shows-multiple-shops-chromium\error-context.md]]

[[ATTACHMENT|test-artifacts\e2e-shops-linkage-diagnost-fec5e-rs-and-shows-multiple-shops-chromium\trace.zip]]
]]>
</system-out>
</testcase>
<testcase name="Influencer shops linkage diagnostics › each influencer shop API returns products as expected" classname="e2e\shops-linkage-diagnostics.spec.ts" time="8.537">
<failure message="shops-linkage-diagnostics.spec.ts:37:7 each influencer shop API returns products as expected" type="FAILURE">
<![CDATA[  [chromium] › e2e\shops-linkage-diagnostics.spec.ts:37:7 › Influencer shops linkage diagnostics › each influencer shop API returns products as expected 

    Error: API /api/shop/style-forward failed

    expect(received).toBeTruthy()

    Received: false

      13 | async function fetchShopProducts(request: any, baseURL: string, handle: string) {
      14 |   const res = await request.get(`${baseURL}/api/shop/${handle}`)
    > 15 |   expect(res.ok(), `API /api/shop/${handle} failed`).toBeTruthy()
         |                                                      ^
      16 |   const json = (await res.json()) as any
      17 |   expect(json?.ok, `API /api/shop/${handle} ok=false`).toBeTruthy()
      18 |   return json?.data?.products ?? []
        at fetchShopProducts (C:\Users\Lenovo\Desktop\Workspce\vo-onelink-google\tests\e2e\shops-linkage-diagnostics.spec.ts:15:54)
        at C:\Users\Lenovo\Desktop\Workspce\vo-onelink-google\tests\e2e\shops-linkage-diagnostics.spec.ts:41:24

    attachment #1: trace (application/zip) ─────────────────────────────────────────────────────────
    ..\Dashboard Build\Reports\test-artifacts\e2e-shops-linkage-diagnost-c03f9-eturns-products-as-expected-chromium\trace.zip
    Usage:

        pnpm exec playwright show-trace "..\Dashboard Build\Reports\test-artifacts\e2e-shops-linkage-diagnost-c03f9-eturns-products-as-expected-chromium\trace.zip"

    ────────────────────────────────────────────────────────────────────────────────────────────────
]]>
</failure>
<system-out>
<![CDATA[
[[ATTACHMENT|test-artifacts\e2e-shops-linkage-diagnost-c03f9-eturns-products-as-expected-chromium\trace.zip]]
]]>
</system-out>
</testcase>
<testcase name="Influencer shops linkage diagnostics › shop pages render cards for each handle and first image is visible" classname="e2e\shops-linkage-diagnostics.spec.ts" time="13.882">
<failure message="shops-linkage-diagnostics.spec.ts:68:7 shop pages render cards for each handle and first image is visible" type="FAILURE">
<![CDATA[  [chromium] › e2e\shops-linkage-diagnostics.spec.ts:68:7 › Influencer shops linkage diagnostics › shop pages render cards for each handle and first image is visible 

    Error: no product card for style-forward

    expect(locator).toBeVisible() failed

    Locator:  getByTestId('product-card').first()
    Expected: visible
    Received: <element(s) not found>
    Timeout:  5000ms

    Call log:
      - no product card for style-forward with timeout 5000ms
      - waiting for getByTestId('product-card').first()


      71 |       await expect(page.getByText(/This page could not be found/i)).toHaveCount(0)
      72 |       const card = page.getByTestId('product-card').first()
    > 73 |       await expect(card, `no product card for ${handle}`).toBeVisible()
         |                                                           ^
      74 |
      75 |       const img = card.locator('img[alt]')
      76 |       await expect(img.first()).toBeVisible()
        at C:\Users\Lenovo\Desktop\Workspce\vo-onelink-google\tests\e2e\shops-linkage-diagnostics.spec.ts:73:59

    attachment #1: screenshot (image/png) ──────────────────────────────────────────────────────────
    ..\Dashboard Build\Reports\test-artifacts\e2e-shops-linkage-diagnost-310d1--and-first-image-is-visible-chromium\test-failed-1.png
    ────────────────────────────────────────────────────────────────────────────────────────────────

    attachment #2: video (video/webm) ──────────────────────────────────────────────────────────────
    ..\Dashboard Build\Reports\test-artifacts\e2e-shops-linkage-diagnost-310d1--and-first-image-is-visible-chromium\video.webm
    ────────────────────────────────────────────────────────────────────────────────────────────────

    Error Context: ..\Dashboard Build\Reports\test-artifacts\e2e-shops-linkage-diagnost-310d1--and-first-image-is-visible-chromium\error-context.md

    attachment #4: trace (application/zip) ─────────────────────────────────────────────────────────
    ..\Dashboard Build\Reports\test-artifacts\e2e-shops-linkage-diagnost-310d1--and-first-image-is-visible-chromium\trace.zip
    Usage:

        pnpm exec playwright show-trace "..\Dashboard Build\Reports\test-artifacts\e2e-shops-linkage-diagnost-310d1--and-first-image-is-visible-chromium\trace.zip"

    ────────────────────────────────────────────────────────────────────────────────────────────────
]]>
</failure>
<system-out>
<![CDATA[
[[ATTACHMENT|test-artifacts\e2e-shops-linkage-diagnost-310d1--and-first-image-is-visible-chromium\test-failed-1.png]]

[[ATTACHMENT|test-artifacts\e2e-shops-linkage-diagnost-310d1--and-first-image-is-visible-chromium\video.webm]]

[[ATTACHMENT|test-artifacts\e2e-shops-linkage-diagnost-310d1--and-first-image-is-visible-chromium\error-context.md]]

[[ATTACHMENT|test-artifacts\e2e-shops-linkage-diagnost-310d1--and-first-image-is-visible-chromium\trace.zip]]
]]>
</system-out>
</testcase>
<testcase name="Checkout smoke › creates Checkout session from tech-trends (if Stripe configured)" classname="e2e\shops-linkage-diagnostics.spec.ts" time="1.255">
<failure message="shops-linkage-diagnostics.spec.ts:91:7 creates Checkout session from tech-trends (if Stripe configured)" type="FAILURE">
<![CDATA[  [chromium] › e2e\shops-linkage-diagnostics.spec.ts:91:7 › Checkout smoke › creates Checkout session from tech-trends (if Stripe configured) 

    Error: API /api/shop/tech-trends failed

    expect(received).toBeTruthy()

    Received: false

      13 | async function fetchShopProducts(request: any, baseURL: string, handle: string) {
      14 |   const res = await request.get(`${baseURL}/api/shop/${handle}`)
    > 15 |   expect(res.ok(), `API /api/shop/${handle} failed`).toBeTruthy()
         |                                                      ^
      16 |   const json = (await res.json()) as any
      17 |   expect(json?.ok, `API /api/shop/${handle} ok=false`).toBeTruthy()
      18 |   return json?.data?.products ?? []
        at fetchShopProducts (C:\Users\Lenovo\Desktop\Workspce\vo-onelink-google\tests\e2e\shops-linkage-diagnostics.spec.ts:15:54)
        at C:\Users\Lenovo\Desktop\Workspce\vo-onelink-google\tests\e2e\shops-linkage-diagnostics.spec.ts:95:22

    attachment #1: trace (application/zip) ─────────────────────────────────────────────────────────
    ..\Dashboard Build\Reports\test-artifacts\e2e-shops-linkage-diagnost-ca513-rends-if-Stripe-configured--chromium\trace.zip
    Usage:

        pnpm exec playwright show-trace "..\Dashboard Build\Reports\test-artifacts\e2e-shops-linkage-diagnost-ca513-rends-if-Stripe-configured--chromium\trace.zip"

    ────────────────────────────────────────────────────────────────────────────────────────────────
]]>
</failure>
<system-out>
<![CDATA[
[[ATTACHMENT|test-artifacts\e2e-shops-linkage-diagnost-ca513-rends-if-Stripe-configured--chromium\trace.zip]]
]]>
</system-out>
</testcase>
</testsuite>
</testsuites>